"../../../Engine/Content/Functions/Engine_MaterialFunctions01/Opacity/CameraDepthFade.uasset" 0
"../../../Engine/Content/EngineMaterials/WorldGridMaterial.uasset" 1
"../../../Engine/Content/ArtTools/RenderToTexture/Meshes/S_1_Unit_Plane.uasset" 2
"../../../Engine/Content/EngineMaterials/DefaultPhysicalMaterial.uasset" 3
"../../../Engine/Content/BufferVisualization/AmbientOcclusion.uasset" 4
"../../../Engine/Content/BufferVisualization/BaseColor.uasset" 5
"../../../Engine/Content/BufferVisualization/CustomDepth.uasset" 6
"../../../Engine/Content/Functions/Engine_MaterialFunctions02/Utility/VectorLength.uasset" 7
"../../../Engine/Content/BufferVisualization/CustomDepthWorldUnits.uasset" 8
"../../../Engine/Content/Functions/Engine_MaterialFunctions02/Utility/BreakOutFloat2Components.uasset" 9
"../../../Engine/Content/Functions/Engine_MaterialFunctions01/Texturing/ScaleUVsByCenter.uasset" 10
"../../../Engine/Content/Functions/Engine_MaterialFunctions02/ScreenResolution.uasset" 11
"../../../Engine/Content/Functions/Engine_MaterialFunctions02/Texturing/ScreenAlignedUVs.uasset" 12
"../../../Engine/Content/Functions/Engine_MaterialFunctions02/Utility/MakeFloat2.uasset" 13
"../../../Engine/Content/Functions/Engine_MaterialFunctions02/Utility/MakeFloat3.uasset" 14
"../../../Engine/Content/EngineMaterials/MiniFont.uasset" 15
"../../../Engine/Content/BufferVisualization/CustomStencil.uasset" 16
"../../../Engine/Content/BufferVisualization/FinalImage.uasset" 17
"../../../Engine/Content/BufferVisualization/LightingModel.uasset" 18
"../../../Engine/Content/BufferVisualization/MaterialAO.uasset" 19
"../../../Engine/Content/BufferVisualization/Metallic.uasset" 20
"../../../Engine/Content/BufferVisualization/Opacity.uasset" 21
"../../../Engine/Content/BufferVisualization/PostTonemapHDRColor.uasset" 22
"../../../Engine/Content/BufferVisualization/PreTonemapHDRColor.uasset" 23
"../../../Engine/Content/BufferVisualization/Roughness.uasset" 24
"../../../Engine/Content/BufferVisualization/SceneColor.uasset" 25
"../../../Engine/Content/BufferVisualization/SceneDepth.uasset" 26
"../../../Engine/Content/BufferVisualization/SceneDepthWorldUnits.uasset" 27
"../../../Engine/Content/BufferVisualization/SeparateTranslucencyA.uasset" 28
"../../../Engine/Content/BufferVisualization/SeparateTranslucencyRGB.uasset" 29
"../../../Engine/Content/BufferVisualization/Specular.uasset" 30
"../../../Engine/Content/BufferVisualization/SubsurfaceColor.uasset" 31
"../../../Engine/Content/BufferVisualization/WorldNormal.uasset" 32
"../../../Engine/Content/EditorLandscapeResources/DataLayer.uasset" 33
"../../../Engine/Content/EditorLandscapeResources/DefaultAlphaTexture.uasset" 34
"../../../Engine/Content/EditorLandscapeResources/LandscapeGizmoHeight_Mat.uasset" 35
"../../../Engine/Content/EditorLandscapeResources/LandscapeGizmo_Mat.uasset" 36
"../../../Engine/Content/EditorLandscapeResources/LandscapeGizmo_Mat_Copied.uasset" 37
"../../../Engine/Content/EditorLandscapeResources/SplineEditorMeshMat.uasset" 38
"../../../Engine/Content/EditorLandscapeResources/SplineEditorMesh.uasset" 39
"../../../Engine/Content/EditorMaterials/GizmoMaterial.uasset" 40
"../../../Engine/Content/Functions/Engine_MaterialFunctions02/Utility/Sign.uasset" 41
"../../../Engine/Content/Functions/Engine_MaterialFunctions02/Utility/Round.uasset" 42
"../../../Engine/Content/Functions/Engine_MaterialFunctions02/ExampleContent/Textures/flipbook.uasset" 43
"../../../Engine/Content/Functions/Engine_MaterialFunctions02/Texturing/FlipBook.uasset" 44
"../../../Engine/Content/EditorResources/T_EditorHelp.uasset" 45
"../../../Engine/Content/EditorMaterials/HelpActorMaterial.uasset" 46
"../../../Engine/Content/EditorMaterials/CompositeARGBLayer.uasset" 47
"../../../Engine/Content/EditorMaterials/TilingAALineIntegral.uasset" 48
"../../../Engine/Content/EditorMaterials/TilingAALineBoxFiltered.uasset" 49
"../../../Engine/Content/Functions/Engine_MaterialFunctions03/Procedurals/ComputeFilterWidth.uasset" 50
"../../../Engine/Content/EditorMaterials/TilingAADots.uasset" 51
"../../../Engine/Content/EditorMaterials/Cascade/CASC_Cross.uasset" 52
"../../../Engine/Content/EditorMaterials/Cascade/CASC_None.uasset" 53
"../../../Engine/Content/Functions/Engine_MaterialFunctions03/Blends/Blend_Screen.uasset" 54
"../../../Engine/Content/EditorMaterials/TilingAAGrid.uasset" 55
"../../../Engine/Content/EditorMaterials/LevelGridMaterial.uasset" 56
"../../../Engine/Content/EditorMaterials/MakeCompositeARGBLayer.uasset" 57
"../../../Engine/Content/EditorResources/LevelGrid1DStripes.uasset" 58
"../../../Engine/Content/EditorMaterials/TextureGridCascaded1D.uasset" 59
"../../../Engine/Content/EditorMaterials/TextureGridCascaded2D.uasset" 60
"../../../Engine/Content/EditorMaterials/LevelGridMaterial2.uasset" 61
"../../../Engine/Content/EditorMaterials/MAT_Groups_Toggle.uasset" 62
"../../../Engine/Content/EditorMaterials/MAT_Groups_Visibility.uasset" 63
"../../../Engine/Content/EditorMaterials/PreviewShadowIndicator.uasset" 64
"../../../Engine/Content/EditorMaterials/PreviewShadowIndicatorMaterial.uasset" 65
"../../../Engine/Content/EditorMaterials/TargetIcon.uasset" 66
"../../../Engine/Content/EditorMaterials/WidgetGridVertexColorMaterial.uasset" 67
"../../../Engine/Content/EditorMaterials/WidgetGridVertexColorMaterial_Ma.uasset" 68
"../../../Engine/Content/EditorMaterials/WidgetVertexColorMaterial.uasset" 69
"../../../Engine/Content/EditorMaterials/MatineeGroups/MAT_ColorTrack.uasset" 70
"../../../Engine/Content/EditorMaterials/MatineeGroups/MAT_Groups_Anim.uasset" 71
"../../../Engine/Content/EditorMaterials/MatineeGroups/MAT_Groups_AudioMaster.uasset" 72
"../../../Engine/Content/EditorMaterials/MatineeGroups/MAT_Groups_Director.uasset" 73
"../../../Engine/Content/EditorMaterials/MatineeGroups/MAT_Groups_Event.uasset" 74
"../../../Engine/Content/EditorMaterials/MatineeGroups/MAT_Groups_Fade.uasset" 75
"../../../Engine/Content/EditorMaterials/MatineeGroups/MAT_Groups_Float.uasset" 76
"../../../Engine/Content/EditorMaterials/MatineeGroups/MAT_Groups_Move.uasset" 77
"../../../Engine/Content/EditorMaterials/MatineeGroups/MAT_Groups_Slomo.uasset" 78
"../../../Engine/Content/EditorMaterials/MatineeGroups/MAT_Groups_Sound.uasset" 79
"../../../Engine/Content/EditorMaterials/MatineeGroups/MAT_Groups_Vector.uasset" 80
"../../../Engine/Content/EditorMaterials/ParticleSystems/PSysThumbnail_NoImage.uasset" 81
"../../../Engine/Content/EditorMaterials/ParticleSystems/PSysThumbnail_OOD.uasset" 82
"../../../Engine/Content/EditorMaterials/Thumbnails/FloorPlaneMaterial.uasset" 83
"../../../Engine/Content/EditorMeshes/EditorCylinder.uasset" 84
"../../../Engine/Content/EditorMeshes/EditorPlane.uasset" 85
"../../../Engine/Content/EditorMaterials/Thumbnails/SkySphereMaterial.uasset" 86
"../../../Engine/Content/EditorMeshes/EditorSkySphere.uasset" 87
"../../../Engine/Content/EditorMeshes/EditorSphere.uasset" 88
"../../../Engine/Content/EditorResources/MatineeCam_D.uasset" 89
"../../../Engine/Content/EditorMaterials/MatineeCam_mat.uasset" 90
"../../../Engine/Content/EditorMeshes/MatineeCam_SM.uasset" 91
"../../../Engine/Content/EditorMaterials/Camera/CineMat.uasset" 92
"../../../Engine/Content/EditorMaterials/Camera/MI_CineMat_CameraBody.uasset" 93
"../../../Engine/Content/EngineDebugMaterials/M_SimpleOpaque.uasset" 94
"../../../Engine/Content/EditorMaterials/Camera/MI_CineMat_CamViewFinder.uasset" 95
"../../../Engine/Content/EditorMeshes/Camera/SM_CineCam.uasset" 96
"../../../Engine/Content/EditorMaterials/Camera/MI_CineMat_Rig.uasset" 97
"../../../Engine/Content/EditorMeshes/Camera/SM_CraneRig_Arm.uasset" 98
"../../../Engine/Content/EditorMeshes/Camera/SM_CraneRig_Base.uasset" 99
"../../../Engine/Content/EditorMeshes/Camera/SM_CraneRig_Body.uasset" 100
"../../../Engine/Content/EditorMeshes/Camera/SM_CraneRig_Mount.uasset" 101
"../../../Engine/Content/EditorMeshes/Camera/SM_RailRig_Mount.uasset" 102
"../../../Engine/Content/EditorMeshes/Camera/SM_RailRig_Track.uasset" 103
"../../../Engine/Content/EditorMeshes/ColorCalibrator/M_ChromeBall.uasset" 104
"../../../Engine/Content/EditorMeshes/ColorCalibrator/M_ClearCoat.uasset" 105
"../../../Engine/Content/EditorMeshes/ColorCalibrator/M_ClearCoatBlack.uasset" 106
"../../../Engine/Content/EditorMeshes/ColorCalibrator/T_ColorGrid.uasset" 107
"../../../Engine/Content/EditorMeshes/ColorCalibrator/M_ColorGrid.uasset" 108
"../../../Engine/Content/EditorMeshes/ColorCalibrator/M_GreyBall.uasset" 109
"../../../Engine/Content/EditorMeshes/ColorCalibrator/SM_ColorCalibrator.uasset" 110
"../../../Engine/Content/EditorResources/Bad.uasset" 111
"../../../Engine/Content/EditorResources/BSPVertex.uasset" 112
"../../../Engine/Content/EditorResources/EmptyActor.uasset" 113
"../../../Engine/Content/EditorResources/MatInstActSprite.uasset" 114
"../../../Engine/Content/EditorResources/SceneManager.uasset" 115
"../../../Engine/Content/EditorResources/S_Actor.uasset" 116
"../../../Engine/Content/EditorResources/S_DecalActorIcon.uasset" 117
"../../../Engine/Content/EditorResources/S_Emitter.uasset" 118
"../../../Engine/Content/EditorResources/S_FTest.uasset" 119
"../../../Engine/Content/EditorResources/S_LevelSequence.uasset" 120
"../../../Engine/Content/EditorResources/S_NavP.uasset" 121
"../../../Engine/Content/EditorResources/S_Note.uasset" 122
"../../../Engine/Content/EditorResources/S_PortalActorIcon2.uasset" 123
"../../../Engine/Content/EditorResources/S_RadForce.uasset" 124
"../../../Engine/Content/EditorResources/S_Terrain.uasset" 125
"../../../Engine/Content/EditorResources/S_Trigger.uasset" 126
"../../../Engine/Content/EditorResources/S_VectorFieldVol.uasset" 127
"../../../Engine/Content/EditorResources/S_WindDirectional.uasset" 128
"../../../Engine/Content/EditorResources/AI/S_NavLink.uasset" 129
"../../../Engine/Content/EditorResources/LightIcons/SkyLight.uasset" 130
"../../../Engine/Content/EditorResources/LightIcons/S_LightDirectional.uasset" 131
"../../../Engine/Content/EditorResources/LightIcons/S_LightDirectionalMove.uasset" 132
"../../../Engine/Content/EditorResources/LightIcons/S_LightError.uasset" 133
"../../../Engine/Content/EditorResources/LightIcons/S_LightPoint.uasset" 134
"../../../Engine/Content/EditorResources/LightIcons/S_LightPointMove.uasset" 135
"../../../Engine/Content/EditorResources/LightIcons/S_LightSpot.uasset" 136
"../../../Engine/Content/EditorResources/LightIcons/S_LightSpotMove.uasset" 137
"../../../Engine/Content/EditorResources/SequenceRecorder/Countdown.uasset" 138
"../../../Engine/Content/EditorResources/SequenceRecorder/RecordingIndicator.uasset" 139
"../../../Engine/Content/EditorSounds/Notifications/CompileFailed.uasset" 140
"../../../Engine/Content/EditorSounds/Notifications/CompileFailed_Cue.uasset" 141
"../../../Engine/Content/EditorSounds/Notifications/CompileSuccess.uasset" 142
"../../../Engine/Content/EditorSounds/Notifications/CompileStart_Cue.uasset" 143
"../../../Engine/Content/EditorSounds/Notifications/CompileSuccess_Cue.uasset" 144
"../../../Engine/Content/EngineDamageTypes/DmgTypeBP_Environmental.uasset" 145
"../../../Engine/Content/EngineDebugMaterials/HeatmapGradient.uasset" 146
"../../../Engine/Content/EngineDebugMaterials/BoneWeightMaterial.uasset" 147
"../../../Engine/Content/EngineDebugMaterials/ClothMaterial.uasset" 148
"../../../Engine/Content/EngineDebugMaterials/DebugMeshMaterial.uasset" 149
"../../../Engine/Content/EngineDebugMaterials/GeomMaterial.uasset" 150
"../../../Engine/Content/Functions/Engine_MaterialFunctions01/Shading/ConvertFromDiffSpec.uasset" 151
"../../../Engine/Content/EngineDebugMaterials/LevelColorationLitMaterial.uasset" 152
"../../../Engine/Content/EngineDebugMaterials/LevelColorationUnlitMaterial.uasset" 153
"../../../Engine/Content/EngineMaterials/DefaultWhiteGrid.uasset" 154
"../../../Engine/Content/EngineDebugMaterials/MAT_LevelColorationLitLightmapUV.uasset" 155
"../../../Engine/Content/EngineDebugMaterials/M_SimpleTranslucent.uasset" 156
"../../../Engine/Content/EngineDebugMaterials/ShadedLevelColorationLitMaterial.uasset" 157
"../../../Engine/Content/EngineDebugMaterials/ShadedLevelColorationUnlitMateri.uasset" 158
"../../../Engine/Content/EngineDebugMaterials/VertexColorMaterial.uasset" 159
"../../../Engine/Content/EngineDebugMaterials/VertexColorViewMode_AlphaAsColor.uasset" 160
"../../../Engine/Content/EngineDebugMaterials/VertexColorViewMode_BlueOnly.uasset" 161
"../../../Engine/Content/EngineDebugMaterials/VertexColorViewMode_ColorOnly.uasset" 162
"../../../Engine/Content/EngineDebugMaterials/VertexColorViewMode_GreenOnly.uasset" 163
"../../../Engine/Content/EngineDebugMaterials/VertexColorViewMode_RedOnly.uasset" 164
"../../../Engine/Content/EngineDebugMaterials/WireframeMaterial.uasset" 165
"../../../Engine/Content/EngineFonts/Faces/RobotoBold.uasset" 166
"../../../Engine/Content/EngineFonts/Faces/RobotoBoldItalic.uasset" 167
"../../../Engine/Content/EngineFonts/Faces/RobotoItalic.uasset" 168
"../../../Engine/Content/EngineFonts/Faces/RobotoLight.uasset" 169
"../../../Engine/Content/EngineFonts/Faces/RobotoRegular.uasset" 170
"../../../Engine/Content/EngineFonts/Roboto.uasset" 171
"../../../Engine/Content/EngineFonts/Faces/RobotoTiny.uasset" 172
"../../../Engine/Content/EngineFonts/RobotoTiny.uasset" 173
"../../../Engine/Content/EngineMaterials/DefaultBloomKernel.uasset" 174
"../../../Engine/Content/EngineMaterials/DefaultBokeh.uasset" 175
"../../../Engine/Content/EngineMaterials/DefaultDiffuse.uasset" 176
"../../../Engine/Content/EngineMaterials/DefaultDeferredDecalMaterial.uasset" 177
"../../../Engine/Content/EngineMaterials/DefaultLightFunctionMaterial.uasset" 178
"../../../Engine/Content/EngineMaterials/DefaultPostProcessMaterial.uasset" 179
"../../../Engine/Content/EngineFonts/RobotoDistanceField.uasset" 180
"../../../Engine/Content/EngineMaterials/DefaultTextMaterialOpaque.uasset" 181
"../../../Engine/Content/EngineMaterials/EditorBrushMaterial.uasset" 182
"../../../Engine/Content/EngineMaterials/Good64x64TilingNoiseHighFreq.uasset" 183
"../../../Engine/Content/EngineMaterials/HighResolutionScreenshotMaskFunction.uasset" 184
"../../../Engine/Content/EngineMaterials/HighResScreenshot.uasset" 185
"../../../Engine/Content/EngineMaterials/HighResScreenshotCaptureRegion.uasset" 186
"../../../Engine/Content/EngineMaterials/HighResScreenshotMask.uasset" 187
"../../../Engine/Content/EngineMaterials/InvalidLightmapSettings.uasset" 188
"../../../Engine/Content/EngineMaterials/M_InvalidLightmapSettings.uasset" 189
"../../../Engine/Content/EngineMaterials/PhAT_JointLimitMaterial.uasset" 190
"../../../Engine/Content/EngineMaterials/PreintegratedSkinBRDF.uasset" 191
"../../../Engine/Content/EngineMaterials/RemoveSurfaceMaterial.uasset" 192
"../../../Engine/Content/EngineMaterials/WeightMapPlaceholderTexture.uasset" 193
"../../../Engine/Content/EngineResources/WhiteSquareTexture.uasset" 194
"../../../Engine/Content/EngineMaterials/Widget3DPassThrough.uasset" 195
"../../../Engine/Content/EngineMaterials/Widget3DPassThrough_Masked.uasset" 196
"../../../Engine/Content/EngineMaterials/Widget3DPassThrough_Opaque.uasset" 197
"../../../Engine/Content/EngineMaterials/Widget3DPassThrough_Masked_OneSided.uasset" 198
"../../../Engine/Content/EngineMaterials/Widget3DPassThrough_Opaque_OneSided.uasset" 199
"../../../Engine/Content/EngineMaterials/Widget3DPassThrough_Translucent.uasset" 200
"../../../Engine/Content/EngineMaterials/Widget3DPassThrough_Translucent_OneSided.uasset" 201
"../../../Engine/Content/EngineMaterials/DefaultMaterial.uasset" 202
"../../../Engine/Content/EngineMeshes/Cube.uasset" 203
"../../../Engine/Content/EngineMeshes/Cylinder.uasset" 204
"../../../Engine/Content/EngineMeshes/Sphere.uasset" 205
"../../../Engine/Content/EngineResources/Black.uasset" 206
"../../../Engine/Content/EngineResources/DefaultTexture.uasset" 207
"../../../Engine/Content/EngineResources/DefaultTextureCube.uasset" 208
"../../../Engine/Content/EngineResources/GradientTexture0.uasset" 209
"../../../Engine/Content/EditorBlueprintResources/StandardMacros.uasset" 210
"../../../Engine/Content/EngineSky/C_Sky_Cloud_Color.uasset" 211
"../../../Engine/Content/EngineSky/C_Sky_Horizon_Color.uasset" 212
"../../../Engine/Content/EngineSky/C_Sky_Zenith_Color.uasset" 213
"../../../Engine/Content/EngineSky/T_Sky_Blue.uasset" 214
"../../../Engine/Content/EngineSky/T_Sky_Clouds_M.uasset" 215
"../../../Engine/Content/EngineSky/T_Sky_Stars.uasset" 216
"../../../Engine/Content/EngineSky/M_Sky_Panning_Clouds2.uasset" 217
"../../../Engine/Content/EngineSky/SM_SkySphere.uasset" 218
"../../../Engine/Content/EngineSky/BP_Sky_Sphere.uasset" 219
"../../../Engine/Content/EngineSounds/Master.uasset" 220
"../../../Engine/Content/Functions/Engine_MaterialFunctions01/Shading/PowerToRoughness.uasset" 221
"../../../Engine/Content/Maps/Templates/Thumbnails/Default.uasset" 222
"../../../Engine/Content/Maps/Templates/Thumbnails/VR-Basic.uasset" 223
"../../../Engine/Content/MapTemplates/Sky/DaylightAmbientCubemap.uasset" 224
"../../../Engine/Content/MobileResources/T_MobileControls_texture.uasset" 225
"../../../Engine/Content/MobileResources/T_MobileMenu2.uasset" 226
"../../../Engine/Content/MobileResources/HUD/AnalogHat.uasset" 227
"../../../Engine/Content/MobileResources/HUD/VirtualJoystick_Background.uasset" 228
"../../../Engine/Content/MobileResources/HUD/VirtualJoystick_Thumb.uasset" 229
"../../../Engine/Content/MobileResources/HUD/DefaultVirtualJoysticks.uasset" 230
"../../../Engine/Content/MobileResources/HUD/MobileHUDButton1_off.uasset" 231
"../../../Engine/Content/MobileResources/HUD/MobileHUDDirectionPad.uasset" 232
"../../../Engine/Content/MobileResources/HUD/MobileHUDDirectionPad2.uasset" 233
"../../../Engine/Content/MobileResources/HUD/MobileHUDDirectionPad3.uasset" 234
"../../../Engine/Content/MobileResources/HUD/MobileHUDDirectionStick.uasset" 235
"../../../Engine/Content/MobileResources/HUD/T_Castle_ThumbstickInner.uasset" 236
"../../../Engine/Content/MobileResources/HUD/T_Castle_ThumbstickOutter.uasset" 237
"../../../Engine/Content/Tutorial/ContentIntroCurve.uasset" 238
"../../../Engine/Content/Tutorial/Basics/TutorialAssets/icon_tab_Levels_40x.uasset" 239
"../../../Engine/Content/Tutorial/BlueprintTutorials/TutorialAssets/BlueprintInterface_64x.uasset" 240
"../../../Engine/Content/Tutorial/BlueprintTutorials/TutorialAssets/BlueprintMacroLibrary_64x.uasset" 241
"../../../Engine/Content/Tutorial/BlueprintTutorials/TutorialAssets/Blueprint_64x.uasset" 242
"../../../Engine/Content/Tutorial/Foliage/TutorialAssets/Foliage.uasset" 243
"../../../Engine/Content/Tutorial/Landscape/TutorialAssets/Landscape.uasset" 244
"../../../Engine/Content/Tutorial/Mobile/TutorialAssets/android_Icon.uasset" 245
"../../../Engine/Content/Tutorial/Paper2D/TutorialAssets/Paper2DFlipbook_TutorialIcon.uasset" 246
"../../../Engine/Content/Tutorial/Paper2D/TutorialAssets/Paper2DSprite_TutorialIcon.uasset" 247
"../../../Engine/Content/Tutorial/SubEditors/TutorialAssets/icon_Editor_Preferences_General_40x.uasset" 248
"../../../Engine/Content/Tutorial/SubEditors/TutorialAssets/icon_ShowSkeletalMeshes_40x.uasset" 249
"../../../Engine/Content/Tutorial/SubEditors/TutorialAssets/TutorialMaterial.uasset" 250
"../../../Engine/Content/Tutorial/SubEditors/TutorialAssets/TutorialParticleSystem.uasset" 251
"../../../Engine/Content/EditorMeshes/EditorCube.uasset" 252
"../../../Engine/Content/Tutorial/SubEditors/TutorialAssets/Tutorial_DM.uasset" 253
"../../../Engine/Content/Tutorial/SubEditors/TutorialAssets/T_SmokeSubUV_8X8.uasset" 254
"../../../Engine/Content/Tutorial/SubEditors/TutorialAssets/T_soft_smoke.uasset" 255
"../../../Engine/Content/Tutorial/SubEditors/TutorialAssets/Character/TutorialTPP_Skeleton.uasset" 256
"../../../Engine/Content/Tutorial/SubEditors/TutorialAssets/Character/Tutorial_Idle.uasset" 257
"../../../Engine/Content/Tutorial/SubEditors/TutorialAssets/Character/Tutorial_Walk_Fwd.uasset" 258
"../../../Engine/Content/Tutorial/SubEditors/TutorialAssets/Character/NewBlendSpace1D.uasset" 259
"../../../Engine/Content/Tutorial/SubEditors/TutorialAssets/Character/TutorialTPP_Mat.uasset" 260
"../../../Engine/Content/Tutorial/SubEditors/TutorialAssets/Character/TutorialTPP_PhysicsAsset.uasset" 261
"../../../Engine/Content/Tutorial/SubEditors/TutorialAssets/Character/TutorialTPP.uasset" 262
"../../../Engine/Content/Tutorial/SubEditors/TutorialAssets/Character/TutorialCharacter.uasset" 263
"../../../Engine/Content/VREditor/Devices/Generic/GenericHMDMaterial.uasset" 264
"../../../Engine/Content/VREditor/Devices/Generic/GenericHMD.uasset" 265
"../../../Engine/Content/VREditor/FloatingText/LineMaterial.uasset" 266
"../../../Engine/Content/VREditor/FloatingText/JointSphere.uasset" 267
"../../../Engine/Content/VREditor/FloatingText/LineSegmentCylinder.uasset" 268
"../../../Engine/Content/VREditor/Fonts/VRText_RobotoLarge.uasset" 269
"../../../Engine/Content/VREditor/Fonts/VRTextMaterial.uasset" 270
"../../../Engine/Content/VREditor/Fonts/TranslucentVRTextMaterial.uasset" 271
"../../../Engine/Content/VREditor/LaserPointer/VR_LaserPower_01.uasset" 272
"../../../Engine/Content/VREditor/LaserPointer/LaserPointerMaterial.uasset" 273
"../../../Engine/Content/VREditor/LaserPointer/LaserPointerMaterialInst.uasset" 274
"../../../Engine/Content/VREditor/LaserPointer/TranslucentLaserPointerMaterialInst.uasset" 275
"../../../Engine/Content/VREditor/LaserPointer/LaserPointerMesh.uasset" 276
"../../../Engine/Content/Functions/Engine_MaterialFunctions02/Utility/BreakOutFloat3Components.uasset" 277
"../../../Engine/Content/Functions/Engine_MaterialFunctions02/Math/Transform3x3Matrix.uasset" 278
"../../../Engine/Content/Functions/Engine_MaterialFunctions02/SplitComponents.uasset" 279
"../../../Engine/Content/VREditor/SnapGrid/SnapGridMaterial.uasset" 280
"../../../Engine/Content/VREditor/SnapGrid/SnapGridPlaneMesh.uasset" 281
"../../../Engine/Content/VREditor/Sounds/VR_teleport_Cue.uasset" 282
"../../../Engine/Content/VREditor/Sounds/UI/Click_on_Button.uasset" 283
"../../../Engine/Content/VREditor/Sounds/UI/Drop_Item_From_ContentBrowser.uasset" 284
"../../../Engine/Content/VREditor/Sounds/UI/Gizmo_Handle_Clicked.uasset" 285
"../../../Engine/Content/VREditor/Sounds/UI/Object_PickUp.uasset" 286
"../../../Engine/Content/VREditor/Sounds/UI/Object_Snaps_To_Another_Actor.uasset" 287
"../../../Engine/Content/VREditor/Sounds/UI/Object_Snaps_To_Grid.uasset" 288
"../../../Engine/Content/VREditor/Sounds/UI/Scaling_Down.uasset" 289
"../../../Engine/Content/VREditor/Sounds/UI/Scaling_Up.uasset" 290
"../../../Engine/Content/VREditor/Sounds/UI/Selection_Changes.uasset" 291
"../../../Engine/Content/VREditor/TransformGizmo/TransformGizmoMaterial.uasset" 292
"../../../Engine/Content/VREditor/TransformGizmo/TranslucentTransformGizmoMaterial.uasset" 293
"../../../Engine/Content/VREditor/TransformGizmo/BoundingBoxCorner.uasset" 294
"../../../Engine/Content/VREditor/TransformGizmo/BoundingBoxEdge.uasset" 295
"../../../Engine/Content/VREditor/TransformGizmo/PlaneTranslationHandle.uasset" 296
"../../../Engine/Content/VREditor/TransformGizmo/RotationHandle.uasset" 297
"../../../Engine/Content/VREditor/TransformGizmo/RotationHandleFull.uasset" 298
"../../../Engine/Content/VREditor/TransformGizmo/RotationHandleIndicator.uasset" 299
"../../../Engine/Content/VREditor/TransformGizmo/RotationHandleQuarter.uasset" 300
"../../../Engine/Content/VREditor/TransformGizmo/Main.uasset" 301
"../../../Engine/Content/VREditor/TransformGizmo/Xray.uasset" 302
"../../../Engine/Content/VREditor/TransformGizmo/SM_Dialog_Close.uasset" 303
"../../../Engine/Content/VREditor/TransformGizmo/SM_Dialog_Move.uasset" 304
"../../../Engine/Content/VREditor/TransformGizmo/SM_Sequencer_Key.uasset" 305
"../../../Engine/Content/VREditor/TransformGizmo/StartRotationHandleIndicator.uasset" 306
"../../../Engine/Content/VREditor/TransformGizmo/TransformGizmoMaterial_Inst.uasset" 307
"../../../Engine/Content/VREditor/TransformGizmo/TranslateArrowHandle.uasset" 308
"../../../Engine/Content/VREditor/TransformGizmo/TranslationHandle.uasset" 309
"../../../Engine/Content/VREditor/TransformGizmo/TranslucentTransformGizmoMaterial_Inst.uasset" 310
"../../../Engine/Content/VREditor/TransformGizmo/UniformScaleHandle.uasset" 311
"../../../Engine/Content/VREditor/UI/KeyDiskMaterial.uasset" 312
"../../../Engine/Content/VREditor/UI/DiscMaterial.uasset" 313
"../../../Engine/Content/VREditor/UI/SM_Radial_Disk.uasset" 314
"../../../Engine/Content/Functions/Engine_MaterialFunctions01/Gradient/RadialGradient.uasset" 315
"../../../Engine/Content/VREditor/WorldMovementGrid/SimpleGrid.uasset" 316
"../../../Engine/Content/VREditor/WorldMovementGrid/GridMaterial.uasset" 317
"../../../Engine/Content/Functions/Engine_MaterialFunctions01/Density/ExponentialDensity.uasset" 318
"../../../Engine/Content/VREditor/WorldMovementGrid/GridPostProcess.uasset" 319
"../../../Engine/Content/EditorLandscapeResources/FlattenHeightMat.uasset" 320
"../../../Engine/Content/VREditor/WorldMovementGrid/PlaneMesh.uasset" 321
"../../../TheGame/Content/Geometry/Meshes/CubeMaterial.uasset" 322
"../../../TheGame/Content/Geometry/Meshes/1M_Cube.uasset" 323
"../../../TheGame/Content/Geometry/Meshes/TemplateFloor.uasset" 324
"../../../TheGame/Content/Mannequin/Character/Mesh/UE4_Mannequin_Skeleton.uasset" 325
"../../../TheGame/Content/Mannequin/Animations/ThirdPersonJump_Loop.uasset" 326
"../../../TheGame/Content/Mannequin/Animations/ThirdPersonJump_Start.uasset" 327
"../../../TheGame/Content/Mannequin/Animations/ThirdPersonIdle.uasset" 328
"../../../TheGame/Content/Mannequin/Animations/ThirdPersonRun.uasset" 329
"../../../TheGame/Content/Mannequin/Animations/ThirdPersonWalk.uasset" 330
"../../../TheGame/Content/Mannequin/Animations/ThirdPerson_IdleRun_2D.uasset" 331
"../../../TheGame/Content/Mannequin/Animations/ThirdPerson_Jump.uasset" 332
"../../../TheGame/Content/Menu/Menu.uasset" 333
"../../../Engine/Content/Functions/Engine_MaterialFunctions01/SpeedTree/SpeedTreeColorVariation.uasset" 334
"../../../Engine/Content/Functions/Engine_MaterialFunctions02/WorldPositionOffset/Wind.uasset" 335
"../../../TheGame/Content/NatureAssets/Trees/Acacia/Textures/AcaciaBarck_n.uasset" 336
"../../../TheGame/Content/NatureAssets/Trees/Acacia/Textures/TEX_0.uasset" 337
"../../../TheGame/Content/NatureAssets/Trees/MasterMaterials/MM_AcaciaBark.uasset" 338
"../../../TheGame/Content/NatureAssets/Trees/Beech/textures/bark01.uasset" 339
"../../../TheGame/Content/NatureAssets/Trees/Beech/textures/bark01_n.uasset" 340
"../../../TheGame/Content/NatureAssets/Trees/Beech/Materials/MI_beechBark.uasset" 341
"../../../Engine/Content/Functions/Engine_MaterialFunctions02/Utility/VectorToRadialValue.uasset" 342
"../../../Engine/Content/ArtTools/RenderToTexture/MaterialFunctions/FoliageZRotation.uasset" 343
"../../../TheGame/Content/NatureAssets/Trees/Acacia/Textures/acacia_01_billboard.uasset" 344
"../../../TheGame/Content/NatureAssets/Trees/Acacia/Textures/acacia_01_billboard_N.uasset" 345
"../../../TheGame/Content/NatureAssets/Trees/MasterMaterials/M_FoliageBillBoard.uasset" 346
"../../../TheGame/Content/NatureAssets/Trees/Beech/textures/beech_01_Billboard.uasset" 347
"../../../TheGame/Content/NatureAssets/Trees/Beech/Materials/MI_beerchbillboard_01.uasset" 348
"../../../Engine/Content/Functions/Engine_MaterialFunctions01/WorldPositionOffset/SimpleGrassWind.uasset" 349
"../../../Engine/Content/Functions/Engine_MaterialFunctions02/Texturing/CustomRotator.uasset" 350
"../../../TheGame/Content/NatureAssets/Trees/Acacia/Textures/acacia_leaf.uasset" 351
"../../../TheGame/Content/NatureAssets/Trees/Acacia/Textures/acacia_leaf_normal.uasset" 352
"../../../TheGame/Content/NatureAssets/Trees/MasterMaterials/TreesLeafesMaster.uasset" 353
"../../../TheGame/Content/NatureAssets/Trees/Beech/textures/beech_leaf.uasset" 354
"../../../TheGame/Content/NatureAssets/Trees/Beech/textures/beech_leaf_n.uasset" 355
"../../../TheGame/Content/NatureAssets/Trees/Beech/Materials/MI_beerchLeafes.uasset" 356
"../../../TheGame/Content/NatureAssets/Trees/Beech/st_meshes/beech_01.uasset" 357
"../../../TheGame/Content/NatureAssets/Trees/FL_tree1.uasset" 358
"../../../TheGame/Content/NatureAssets/Trees/Elm/Textures/Elm_03_billboard.uasset" 359
"../../../TheGame/Content/NatureAssets/Trees/Elm/Materials/MI_Elm_billboard_03.uasset" 360
"../../../TheGame/Content/NatureAssets/Trees/Elm/Textures/bark03.uasset" 361
"../../../TheGame/Content/NatureAssets/Trees/Elm/Textures/bark03_n.uasset" 362
"../../../TheGame/Content/NatureAssets/Trees/Elm/Materials/MI_elmBark.uasset" 363
"../../../TheGame/Content/NatureAssets/Trees/Elm/Textures/elm_leaf.uasset" 364
"../../../TheGame/Content/NatureAssets/Trees/Elm/Textures/elm_leaf_n.uasset" 365
"../../../TheGame/Content/NatureAssets/Trees/Elm/Materials/MI_ElmLeafes.uasset" 366
"../../../TheGame/Content/NatureAssets/Trees/Elm/st_meshes/elm_03.uasset" 367
"../../../TheGame/Content/NatureAssets/Trees/FL_tree2.uasset" 368
"../../../TheGame/Content/NatureAssets/Trees/Pine/textures/bark02.uasset" 369
"../../../TheGame/Content/NatureAssets/Trees/Pine/textures/bark02_n.uasset" 370
"../../../TheGame/Content/NatureAssets/Trees/Pine/materials/MI_PineBark.uasset" 371
"../../../TheGame/Content/NatureAssets/Trees/Pine/textures/pine_01_billboard.uasset" 372
"../../../TheGame/Content/NatureAssets/Trees/Pine/materials/MI_PineBillboard_01.uasset" 373
"../../../TheGame/Content/NatureAssets/Trees/Pine/textures/pine_leaf.uasset" 374
"../../../TheGame/Content/NatureAssets/Trees/Pine/textures/pine_leaf_n.uasset" 375
"../../../TheGame/Content/NatureAssets/Trees/Pine/materials/MI_PineLeafes.uasset" 376
"../../../TheGame/Content/NatureAssets/Trees/Pine/st_meshes/pine_01.uasset" 377
"../../../TheGame/Content/NatureAssets/Trees/FL_tree3.uasset" 378
"../../../TheGame/Content/StarterContent/Audio/Starter_Music01.uasset" 379
"../../../TheGame/Content/StarterContent/Textures/T_Ground_Grass_D.uasset" 380
"../../../TheGame/Content/StarterContent/Textures/T_Ground_Grass_N.uasset" 381
"../../../TheGame/Content/StarterContent/Textures/T_MacroVariation.uasset" 382
"../../../TheGame/Content/StarterContent/Textures/T_Perlin_Noise_M.uasset" 383
"../../../TheGame/Content/StarterContent/Materials/M_Ground_Grass.uasset" 384
"../../../TheGame/Content/StarterContent/Textures/T_Brick_Cut_Stone_Mat.uasset" 385
"../../../TheGame/Content/StarterContent/Textures/T_Ground_Grass_Mat.uasset" 386
"../../../TheGame/Content/StarterContent/Textures/T_Wood_Oak_Mat.uasset" 387
"../../../TheGame/Content/ThirdPersonBP/Blueprints/Jump.uasset" 388
"../../../Engine/Plugins/2D/Paper2D/Content/DummySprite.uasset" 389
"../../../Engine/Plugins/2D/Paper2D/Content/DefaultPaperTerrainMaterial.uasset" 390
"../../../Engine/Plugins/2D/Paper2D/Content/DefaultSpriteMaterial.uasset" 391
"../../../Engine/Plugins/2D/Paper2D/Content/MaskedUnlitSpriteMaterial.uasset" 392
"../../../Engine/Plugins/2D/Paper2D/Content/OpaqueUnlitSpriteMaterial.uasset" 393
"../../../Engine/Plugins/2D/Paper2D/Content/PlaceholderTextures/DummySpriteTexture.uasset" 394
"../../../Engine/Plugins/Runtime/GearVR/Content/Textures/GearVRController_AO.uasset" 395
"../../../Engine/Plugins/Runtime/GearVR/Content/Textures/GearVRController_Color.uasset" 396
"../../../Engine/Plugins/Runtime/GearVR/Content/Textures/GearVRController_Normal.uasset" 397
"../../../Engine/Plugins/Runtime/GearVR/Content/Materials/GearVRControllerMaterial.uasset" 398
"../../../Engine/Plugins/Runtime/GearVR/Content/Meshes/GearVrController.uasset" 399
