"../../../TheGame/Content/Geometry/Meshes/CubeMaterial.uasset" 0
"../../../TheGame/Content/Geometry/Meshes/1M_Cube_Chamfer.uasset" 1
"../../../TheGame/Content/Mannequin/Character/Mesh/UE4_Mannequin_Skeleton.uasset" 2
"../../../TheGame/Content/Mannequin/Animations/ThirdPersonJump_End.uasset" 3
"../../../Engine/Content/Functions/Engine_MaterialFunctions01/SpeedTree/SpeedTreeColorVariation.uasset" 4
"../../../Engine/Content/Functions/Engine_MaterialFunctions02/WorldPositionOffset/Wind.uasset" 5
"../../../TheGame/Content/NatureAssets/Trees/Acacia/Textures/AcaciaBarck_n.uasset" 6
"../../../TheGame/Content/NatureAssets/Trees/Acacia/Textures/TEX_0.uasset" 7
"../../../TheGame/Content/NatureAssets/Trees/MasterMaterials/MM_AcaciaBark.uasset" 8
"../../../TheGame/Content/NatureAssets/Trees/Beech/textures/bark01.uasset" 9
"../../../TheGame/Content/NatureAssets/Trees/Beech/textures/bark01_n.uasset" 10
"../../../TheGame/Content/NatureAssets/Trees/Beech/Materials/MI_beechBark.uasset" 11
"../../../Engine/Content/Functions/Engine_MaterialFunctions02/Utility/VectorToRadialValue.uasset" 12
"../../../Engine/Content/ArtTools/RenderToTexture/MaterialFunctions/FoliageZRotation.uasset" 13
"../../../TheGame/Content/NatureAssets/Trees/Acacia/Textures/acacia_01_billboard.uasset" 14
"../../../TheGame/Content/NatureAssets/Trees/Acacia/Textures/acacia_01_billboard_N.uasset" 15
"../../../TheGame/Content/NatureAssets/Trees/MasterMaterials/M_FoliageBillBoard.uasset" 16
"../../../TheGame/Content/NatureAssets/Trees/Beech/textures/beech_01_Billboard.uasset" 17
"../../../TheGame/Content/NatureAssets/Trees/Beech/textures/beech_01_Billboard_n.uasset" 18
"../../../TheGame/Content/NatureAssets/Trees/Beech/Materials/MI_beerchbillboard_01.uasset" 19
"../../../Engine/Content/Functions/Engine_MaterialFunctions01/WorldPositionOffset/SimpleGrassWind.uasset" 20
"../../../Engine/Content/Functions/Engine_MaterialFunctions02/Texturing/CustomRotator.uasset" 21
"../../../TheGame/Content/NatureAssets/Trees/Acacia/Textures/acacia_leaf.uasset" 22
"../../../TheGame/Content/NatureAssets/Trees/Acacia/Textures/acacia_leaf_normal.uasset" 23
"../../../TheGame/Content/NatureAssets/Trees/MasterMaterials/TreesLeafesMaster.uasset" 24
"../../../TheGame/Content/NatureAssets/Trees/Beech/textures/beech_leaf.uasset" 25
"../../../TheGame/Content/NatureAssets/Trees/Beech/textures/beech_leaf_n.uasset" 26
"../../../TheGame/Content/NatureAssets/Trees/Beech/Materials/MI_beerchLeafes.uasset" 27
"../../../TheGame/Content/NatureAssets/Trees/Beech/st_meshes/beech_01.uasset" 28
"../../../TheGame/Content/NatureAssets/Trees/FL_tree1.uasset" 29
"../../../TheGame/Content/NatureAssets/Trees/Elm/Textures/Elm_03_billboard.uasset" 30
"../../../TheGame/Content/NatureAssets/Trees/Elm/Textures/Elm_03_billboard_n.uasset" 31
"../../../TheGame/Content/NatureAssets/Trees/Elm/Materials/MI_Elm_billboard_03.uasset" 32
"../../../TheGame/Content/NatureAssets/Trees/Elm/Textures/bark03.uasset" 33
"../../../TheGame/Content/NatureAssets/Trees/Elm/Textures/bark03_n.uasset" 34
"../../../TheGame/Content/NatureAssets/Trees/Elm/Materials/MI_elmBark.uasset" 35
"../../../TheGame/Content/NatureAssets/Trees/Elm/Textures/elm_leaf.uasset" 36
"../../../TheGame/Content/NatureAssets/Trees/Elm/Textures/elm_leaf_n.uasset" 37
"../../../TheGame/Content/NatureAssets/Trees/Elm/Materials/MI_ElmLeafes.uasset" 38
"../../../TheGame/Content/NatureAssets/Trees/Elm/st_meshes/elm_03.uasset" 39
"../../../TheGame/Content/NatureAssets/Trees/FL_tree2.uasset" 40
"../../../TheGame/Content/NatureAssets/Trees/Pine/textures/bark02.uasset" 41
"../../../TheGame/Content/NatureAssets/Trees/Pine/textures/bark02_n.uasset" 42
"../../../TheGame/Content/NatureAssets/Trees/Pine/materials/MI_PineBark.uasset" 43
"../../../TheGame/Content/NatureAssets/Trees/Pine/textures/pine_01_billboard.uasset" 44
"../../../TheGame/Content/NatureAssets/Trees/Pine/textures/pine_01_billboard_n.uasset" 45
"../../../TheGame/Content/NatureAssets/Trees/Pine/materials/MI_PineBillboard_01.uasset" 46
"../../../TheGame/Content/NatureAssets/Trees/Pine/textures/pine_leaf.uasset" 47
"../../../TheGame/Content/NatureAssets/Trees/Pine/textures/pine_leaf_n.uasset" 48
"../../../TheGame/Content/NatureAssets/Trees/Pine/materials/MI_PineLeafes.uasset" 49
"../../../TheGame/Content/NatureAssets/Trees/Pine/st_meshes/pine_01.uasset" 50
"../../../TheGame/Content/NatureAssets/Trees/FL_tree3.uasset" 51
"../../../TheGame/Content/NatureAssets/Trees/NewProceduralFoliageSpawner.uasset" 52
"../../../TheGame/Content/NatureAssets/Trees/Acacia/Acacia_Mats/M_AcaciaBark_Inst.uasset" 53
"../../../TheGame/Content/NatureAssets/Trees/Acacia/Acacia_Mats/MI_Acacia01_bollboard.uasset" 54
"../../../TheGame/Content/NatureAssets/Trees/Acacia/Acacia_Mats/MI_AcaciaLeafes.uasset" 55
"../../../TheGame/Content/NatureAssets/Trees/Acacia/ST_Meshes/Acacia_01.uasset" 56
"../../../TheGame/Content/NatureAssets/Trees/Acacia/Textures/acacia_02_billboard.uasset" 57
"../../../TheGame/Content/NatureAssets/Trees/Acacia/Textures/acacia_02_billboard_N.uasset" 58
"../../../TheGame/Content/NatureAssets/Trees/Acacia/Acacia_Mats/MI_Acacia02_bollboard.uasset" 59
"../../../TheGame/Content/NatureAssets/Trees/Acacia/ST_Meshes/Acacia_02_LOD0.uasset" 60
"../../../TheGame/Content/NatureAssets/Trees/Acacia/Textures/acacia_03_billboard.uasset" 61
"../../../TheGame/Content/NatureAssets/Trees/Acacia/Textures/acacia_03_billboard_N.uasset" 62
"../../../TheGame/Content/NatureAssets/Trees/Acacia/Acacia_Mats/MI_Acacia03_bollboard.uasset" 63
"../../../TheGame/Content/NatureAssets/Trees/Acacia/ST_Meshes/Acacia_03_LOD0.uasset" 64
"../../../TheGame/Content/NatureAssets/Trees/Acacia/Textures/acacia_04_billboard.uasset" 65
"../../../TheGame/Content/NatureAssets/Trees/Acacia/Textures/acacia_04_billboard_N.uasset" 66
"../../../TheGame/Content/NatureAssets/Trees/Acacia/Acacia_Mats/MI_Acacia04_bollboard.uasset" 67
"../../../TheGame/Content/NatureAssets/Trees/Acacia/ST_Meshes/Acacia_04_LOD0.uasset" 68
"../../../TheGame/Content/NatureAssets/Trees/Acacia/Textures/acacia_05_billboard.uasset" 69
"../../../TheGame/Content/NatureAssets/Trees/Acacia/Textures/acacia_05_billboard_N.uasset" 70
"../../../TheGame/Content/NatureAssets/Trees/Acacia/Acacia_Mats/MI_Acacia05_bollboard.uasset" 71
"../../../TheGame/Content/NatureAssets/Trees/Acacia/ST_Meshes/Acacia_05_LOD0.uasset" 72
"../../../TheGame/Content/NatureAssets/Trees/Acacia/Textures/acacia_b_01_billboard.uasset" 73
"../../../TheGame/Content/NatureAssets/Trees/Acacia/Textures/acacia_b_01_billboard_N.uasset" 74
"../../../TheGame/Content/NatureAssets/Trees/Acacia/Acacia_Mats/MI_Acacia_b_01_bollboard.uasset" 75
"../../../TheGame/Content/NatureAssets/Trees/Acacia/ST_Meshes/Acacia_b_01_LOD0.uasset" 76
"../../../TheGame/Content/NatureAssets/Trees/Acacia/Textures/acacia_b_02_billboard.uasset" 77
"../../../TheGame/Content/NatureAssets/Trees/Acacia/Textures/acacia_b_02_billboard_N.uasset" 78
"../../../TheGame/Content/NatureAssets/Trees/Acacia/Acacia_Mats/MI_Acacia_b_02_bollboard.uasset" 79
"../../../TheGame/Content/NatureAssets/Trees/Acacia/ST_Meshes/Acacia_b_02_LOD0.uasset" 80
"../../../TheGame/Content/NatureAssets/Trees/Acacia/Acacia_Mats/M_Acacia_b_Bark_Inst.uasset" 81
"../../../TheGame/Content/NatureAssets/Trees/Acacia/Textures/acacia_b_03_billboard.uasset" 82
"../../../TheGame/Content/NatureAssets/Trees/Acacia/Textures/acacia_b_03_billboard_N.uasset" 83
"../../../TheGame/Content/NatureAssets/Trees/Acacia/Acacia_Mats/MI_Acacia_b_03_bollboard.uasset" 84
"../../../TheGame/Content/NatureAssets/Trees/Acacia/ST_Meshes/Acacia_b_03.uasset" 85
"../../../TheGame/Content/NatureAssets/Trees/Acacia/Textures/acacia_b_04_billboard.uasset" 86
"../../../TheGame/Content/NatureAssets/Trees/Acacia/Textures/acacia_b_04_billboard_N.uasset" 87
"../../../TheGame/Content/NatureAssets/Trees/Acacia/Acacia_Mats/MI_Acacia_b_04_bollboard.uasset" 88
"../../../TheGame/Content/NatureAssets/Trees/Acacia/ST_Meshes/Acacia_b_04.uasset" 89
"../../../TheGame/Content/NatureAssets/Trees/Acacia/Textures/acacia_b_05_billboard.uasset" 90
"../../../TheGame/Content/NatureAssets/Trees/Acacia/Textures/acacia_b_05_billboard_N.uasset" 91
"../../../TheGame/Content/NatureAssets/Trees/Acacia/Acacia_Mats/MI_Acacia_b_05_bollboard.uasset" 92
"../../../TheGame/Content/NatureAssets/Trees/Acacia/ST_Meshes/Acacia_b_05.uasset" 93
"../../../TheGame/Content/NatureAssets/Trees/Acacia/Textures/billboard.uasset" 94
"../../../TheGame/Content/NatureAssets/Trees/Acacia/Textures/TreeN.uasset" 95
"../../../TheGame/Content/NatureAssets/Trees/Bamboo/textures/bamboo_01_billboard.uasset" 96
"../../../TheGame/Content/NatureAssets/Trees/Bamboo/textures/bamboo_01_billboard_n.uasset" 97
"../../../TheGame/Content/NatureAssets/Trees/Bamboo/Materials/MI_BambooBillboard_01.uasset" 98
"../../../TheGame/Content/NatureAssets/Trees/Bamboo/textures/bamboo_02_billboard.uasset" 99
"../../../TheGame/Content/NatureAssets/Trees/Bamboo/textures/bamboo_02_billboard_n.uasset" 100
"../../../TheGame/Content/NatureAssets/Trees/Bamboo/Materials/MI_BambooBillboard_02.uasset" 101
"../../../TheGame/Content/NatureAssets/Trees/Bamboo/textures/bamboo_03_billboard.uasset" 102
"../../../TheGame/Content/NatureAssets/Trees/Bamboo/textures/bamboo_03_billboard_n.uasset" 103
"../../../TheGame/Content/NatureAssets/Trees/Bamboo/Materials/MI_BambooBillboard_03.uasset" 104
"../../../TheGame/Content/NatureAssets/Trees/Bamboo/textures/bamboo_04_billboard.uasset" 105
"../../../TheGame/Content/NatureAssets/Trees/Bamboo/textures/bamboo_04_billboard_n.uasset" 106
"../../../TheGame/Content/NatureAssets/Trees/Bamboo/Materials/MI_BambooBillboard_04.uasset" 107
"../../../TheGame/Content/NatureAssets/Trees/Bamboo/textures/bamboo_05_billboard.uasset" 108
"../../../TheGame/Content/NatureAssets/Trees/Bamboo/textures/bamboo_05_billboard_n.uasset" 109
"../../../TheGame/Content/NatureAssets/Trees/Bamboo/Materials/MI_BambooBillboard_05.uasset" 110
"../../../Engine/Content/Functions/Engine_MaterialFunctions01/Opacity/CameraDepthFade.uasset" 111
"../../../Engine/Content/EngineMaterials/T_Default_Material_Grid_M.uasset" 112
"../../../Engine/Content/EngineMaterials/T_Default_Material_Grid_N.uasset" 113
"../../../Engine/Content/EngineMaterials/WorldGridMaterial.uasset" 114
"../../../TheGame/Content/NatureAssets/Trees/Bamboo/textures/bamboo_leaf.uasset" 115
"../../../TheGame/Content/NatureAssets/Trees/Bamboo/textures/bamboo_leaf_n.uasset" 116
"../../../TheGame/Content/NatureAssets/Trees/Bamboo/Materials/MI_Bamboo_leafes.uasset" 117
"../../../TheGame/Content/NatureAssets/Trees/Bamboo/textures/plant03.uasset" 118
"../../../TheGame/Content/NatureAssets/Trees/Bamboo/textures/plant03_n.uasset" 119
"../../../TheGame/Content/NatureAssets/Trees/Bamboo/Materials/MI_bambooBark.uasset" 120
"../../../TheGame/Content/NatureAssets/Trees/BananaPlant/textures/bananaPlant_01_billboard.uasset" 121
"../../../TheGame/Content/NatureAssets/Trees/BananaPlant/textures/bananaPlant_01_billboard_n.uasset" 122
"../../../TheGame/Content/NatureAssets/Trees/BananaPlant/Materials/MI_bannanaPlant_billboard01.uasset" 123
"../../../TheGame/Content/NatureAssets/Trees/BananaPlant/textures/bark08.uasset" 124
"../../../TheGame/Content/NatureAssets/Trees/BananaPlant/textures/bark08_n.uasset" 125
"../../../TheGame/Content/NatureAssets/Trees/BananaPlant/Materials/MI_BannanaPlantBark.uasset" 126
"../../../TheGame/Content/NatureAssets/Trees/BananaPlant/textures/banana.uasset" 127
"../../../TheGame/Content/NatureAssets/Trees/BananaPlant/textures/banana_n.uasset" 128
"../../../TheGame/Content/NatureAssets/Trees/BananaPlant/Materials/MI_BannanaPlantLeafes.uasset" 129
"../../../TheGame/Content/NatureAssets/Trees/Bamboo/ST_Meshes/bamboo_01.uasset" 130
"../../../TheGame/Content/NatureAssets/Trees/BananaPlant/textures/bananaPlant_02_billboard.uasset" 131
"../../../TheGame/Content/NatureAssets/Trees/BananaPlant/textures/bananaPlant_02_billboard_n.uasset" 132
"../../../TheGame/Content/NatureAssets/Trees/BananaPlant/Materials/MI_bannanaPlant_billboard02.uasset" 133
"../../../TheGame/Content/NatureAssets/Trees/Bamboo/ST_Meshes/bamboo_02.uasset" 134
"../../../TheGame/Content/NatureAssets/Trees/BananaPlant/textures/bananaPlant_03_billboard.uasset" 135
"../../../TheGame/Content/NatureAssets/Trees/BananaPlant/textures/bananaPlant_03_billboard_n.uasset" 136
"../../../TheGame/Content/NatureAssets/Trees/BananaPlant/Materials/MI_bannanaPlant_billboard03.uasset" 137
"../../../TheGame/Content/NatureAssets/Trees/Bamboo/ST_Meshes/bamboo_03.uasset" 138
"../../../TheGame/Content/NatureAssets/Trees/BananaPlant/textures/bananaPlant_04_billboard.uasset" 139
"../../../TheGame/Content/NatureAssets/Trees/BananaPlant/textures/bananaPlant_04_billboard_n.uasset" 140
"../../../TheGame/Content/NatureAssets/Trees/BananaPlant/Materials/MI_bannanaPlant_billboard04.uasset" 141
"../../../TheGame/Content/NatureAssets/Trees/Bamboo/ST_Meshes/bamboo_04.uasset" 142
"../../../TheGame/Content/NatureAssets/Trees/BananaPlant/textures/bananaPlant_05_billboard.uasset" 143
"../../../TheGame/Content/NatureAssets/Trees/BananaPlant/textures/bananaPlant_05_billboard_n.uasset" 144
"../../../TheGame/Content/NatureAssets/Trees/BananaPlant/Materials/MI_bannanaPlant_billboard05.uasset" 145
"../../../TheGame/Content/NatureAssets/Trees/Bamboo/ST_Meshes/bamboo_05.uasset" 146
"../../../TheGame/Content/NatureAssets/Trees/BananaPlant/st_Mehes/bananaPlant_01.uasset" 147
"../../../TheGame/Content/NatureAssets/Trees/BananaPlant/st_Mehes/bananaPlant_02.uasset" 148
"../../../TheGame/Content/NatureAssets/Trees/BananaPlant/st_Mehes/bananaPlant_03.uasset" 149
"../../../TheGame/Content/NatureAssets/Trees/BananaPlant/st_Mehes/bananaPlant_04.uasset" 150
"../../../TheGame/Content/NatureAssets/Trees/BananaPlant/st_Mehes/bananaPlant_05.uasset" 151
"../../../TheGame/Content/NatureAssets/Trees/BananaPlant/textures/banana_sss.uasset" 152
"../../../TheGame/Content/NatureAssets/Trees/Beech/textures/beech_02_Billboard.uasset" 153
"../../../TheGame/Content/NatureAssets/Trees/Beech/textures/beech_02_Billboard_n.uasset" 154
"../../../TheGame/Content/NatureAssets/Trees/Beech/Materials/MI_beerchbillboard_02.uasset" 155
"../../../TheGame/Content/NatureAssets/Trees/Beech/st_meshes/beech_02.uasset" 156
"../../../TheGame/Content/NatureAssets/Trees/Beech/textures/beech_03_Billboard.uasset" 157
"../../../TheGame/Content/NatureAssets/Trees/Beech/textures/beech_03_Billboard_n.uasset" 158
"../../../TheGame/Content/NatureAssets/Trees/Beech/Materials/MI_beerchbillboard_03.uasset" 159
"../../../TheGame/Content/NatureAssets/Trees/Beech/st_meshes/beech_03.uasset" 160
"../../../TheGame/Content/NatureAssets/Trees/Beech/textures/beech_04_Billboard.uasset" 161
"../../../TheGame/Content/NatureAssets/Trees/Beech/textures/beech_04_Billboard_n.uasset" 162
"../../../TheGame/Content/NatureAssets/Trees/Beech/Materials/MI_beerchbillboard_04.uasset" 163
"../../../TheGame/Content/NatureAssets/Trees/Beech/st_meshes/beech_04.uasset" 164
"../../../TheGame/Content/NatureAssets/Trees/Beech/textures/beech_05_Billboard.uasset" 165
"../../../TheGame/Content/NatureAssets/Trees/Beech/textures/beech_05_Billboard_n.uasset" 166
"../../../TheGame/Content/NatureAssets/Trees/Beech/Materials/MI_beerchbillboard_05.uasset" 167
"../../../TheGame/Content/NatureAssets/Trees/Beech/st_meshes/beech_05.uasset" 168
"../../../TheGame/Content/NatureAssets/Trees/Beech/textures/beech_b_01_Billboard_n.uasset" 169
"../../../TheGame/Content/NatureAssets/Trees/Beech/textures/beech_b__01_Billboard.uasset" 170
"../../../TheGame/Content/NatureAssets/Trees/Beech/Materials/MI_beerchbillboard_01b.uasset" 171
"../../../TheGame/Content/NatureAssets/Trees/Beech/st_meshes/beech_b_01.uasset" 172
"../../../TheGame/Content/NatureAssets/Trees/Beech/textures/beech_b_02_Billboard_n.uasset" 173
"../../../TheGame/Content/NatureAssets/Trees/Beech/textures/beech_b__02_Billboard.uasset" 174
"../../../TheGame/Content/NatureAssets/Trees/Beech/Materials/MI_beerchbillboard_02b.uasset" 175
"../../../TheGame/Content/NatureAssets/Trees/Beech/st_meshes/beech_b_02.uasset" 176
"../../../TheGame/Content/NatureAssets/Trees/Beech/textures/beech_b_03_Billboard_n.uasset" 177
"../../../TheGame/Content/NatureAssets/Trees/Beech/textures/beech_b__03_Billboard.uasset" 178
"../../../TheGame/Content/NatureAssets/Trees/Beech/Materials/MI_beerchbillboard_03b.uasset" 179
"../../../TheGame/Content/NatureAssets/Trees/Beech/st_meshes/beech_b_03.uasset" 180
"../../../TheGame/Content/NatureAssets/Trees/Beech/textures/beech_b_04_Billboard.uasset" 181
"../../../TheGame/Content/NatureAssets/Trees/Beech/textures/beech_b_04_Billboard_n.uasset" 182
"../../../TheGame/Content/NatureAssets/Trees/Beech/Materials/MI_beerchbillboard_04b.uasset" 183
"../../../TheGame/Content/NatureAssets/Trees/Beech/st_meshes/beech_b_04.uasset" 184
"../../../TheGame/Content/NatureAssets/Trees/Beech/textures/beech_b_05_Billboard.uasset" 185
"../../../TheGame/Content/NatureAssets/Trees/Beech/textures/beech_b_05_Billboard_n.uasset" 186
"../../../TheGame/Content/NatureAssets/Trees/Beech/Materials/MI_beerchbillboard_05b.uasset" 187
"../../../TheGame/Content/NatureAssets/Trees/Beech/st_meshes/beech_b_05.uasset" 188
"../../../TheGame/Content/NatureAssets/Trees/Beech/st_meshes/beech_b_05_DM.uasset" 189
"../../../TheGame/Content/NatureAssets/Trees/Birch/textures/birch_04_billboard.uasset" 190
"../../../TheGame/Content/NatureAssets/Trees/Birch/textures/birch_04_billboard_n.uasset" 191
"../../../TheGame/Content/NatureAssets/Trees/Birch/materials/MI_Birch_billboard_04.uasset" 192
"../../../TheGame/Content/NatureAssets/Trees/Birch/textures/birch_01_billboard.uasset" 193
"../../../TheGame/Content/NatureAssets/Trees/Birch/textures/birch_01_billboard_n.uasset" 194
"../../../TheGame/Content/NatureAssets/Trees/Birch/materials/MI_Birch_billboard_01.uasset" 195
"../../../TheGame/Content/NatureAssets/Trees/Birch/textures/bark04.uasset" 196
"../../../TheGame/Content/NatureAssets/Trees/Birch/textures/bark04_n.uasset" 197
"../../../TheGame/Content/NatureAssets/Trees/Birch/materials/MI_BirchBarck.uasset" 198
"../../../TheGame/Content/NatureAssets/Trees/Birch/textures/birch_leaf.uasset" 199
"../../../TheGame/Content/NatureAssets/Trees/Birch/textures/birch_leaf_n.uasset" 200
"../../../TheGame/Content/NatureAssets/Trees/Birch/materials/MI_BirchLeafes.uasset" 201
"../../../TheGame/Content/NatureAssets/Trees/Birch/st_meshes/Birch_01.uasset" 202
"../../../TheGame/Content/NatureAssets/Trees/Birch/textures/birch_02_billboard.uasset" 203
"../../../TheGame/Content/NatureAssets/Trees/Birch/textures/birch_02_billboard_n.uasset" 204
"../../../TheGame/Content/NatureAssets/Trees/Birch/materials/MI_Birch_billboard_02.uasset" 205
"../../../TheGame/Content/NatureAssets/Trees/Birch/st_meshes/Birch_02.uasset" 206
"../../../TheGame/Content/NatureAssets/Trees/Birch/textures/birch_03_billboard.uasset" 207
"../../../TheGame/Content/NatureAssets/Trees/Birch/textures/birch_03_billboard_n.uasset" 208
"../../../TheGame/Content/NatureAssets/Trees/Birch/materials/MI_Birch_billboard_03.uasset" 209
"../../../TheGame/Content/NatureAssets/Trees/Birch/st_meshes/Birch_03.uasset" 210
"../../../TheGame/Content/NatureAssets/Trees/Birch/textures/birch_b_01_billboard.uasset" 211
"../../../TheGame/Content/NatureAssets/Trees/Birch/textures/birch_b_01_billboard_n.uasset" 212
"../../../TheGame/Content/NatureAssets/Trees/Birch/materials/MI_Birch_billboard_01b.uasset" 213
"../../../TheGame/Content/NatureAssets/Trees/Birch/st_meshes/Birch_04.uasset" 214
"../../../TheGame/Content/NatureAssets/Trees/Birch/textures/birch_05_billboard.uasset" 215
"../../../TheGame/Content/NatureAssets/Trees/Birch/textures/birch_05_billboard_n.uasset" 216
"../../../TheGame/Content/NatureAssets/Trees/Birch/materials/MI_Birch_billboard_05.uasset" 217
"../../../TheGame/Content/NatureAssets/Trees/Birch/st_meshes/Birch_05.uasset" 218
"../../../TheGame/Content/NatureAssets/Trees/Birch/st_meshes/Birch_b_01.uasset" 219
"../../../TheGame/Content/NatureAssets/Trees/Birch/textures/birch_b_02_billboard.uasset" 220
"../../../TheGame/Content/NatureAssets/Trees/Birch/textures/birch_b_02_billboard_n.uasset" 221
"../../../TheGame/Content/NatureAssets/Trees/Birch/materials/MI_Birch_billboard_02b.uasset" 222
"../../../TheGame/Content/NatureAssets/Trees/Birch/st_meshes/Birch_b_02.uasset" 223
"../../../TheGame/Content/NatureAssets/Trees/Birch/textures/birch_b_03_billboard.uasset" 224
"../../../TheGame/Content/NatureAssets/Trees/Birch/textures/birch_b_03_billboard_n.uasset" 225
"../../../TheGame/Content/NatureAssets/Trees/Birch/materials/MI_Birch_billboard_03b.uasset" 226
"../../../TheGame/Content/NatureAssets/Trees/Birch/st_meshes/Birch_b_03.uasset" 227
"../../../TheGame/Content/NatureAssets/Trees/Birch/textures/birch_b_04_billboard.uasset" 228
"../../../TheGame/Content/NatureAssets/Trees/Birch/textures/birch_b_04_billboard_n.uasset" 229
"../../../TheGame/Content/NatureAssets/Trees/Birch/materials/MI_Birch_billboard_04b.uasset" 230
"../../../TheGame/Content/NatureAssets/Trees/Birch/st_meshes/Birch_b_04.uasset" 231
"../../../TheGame/Content/NatureAssets/Trees/Birch/textures/birch_b_05_billboard.uasset" 232
"../../../TheGame/Content/NatureAssets/Trees/Birch/textures/birch_b_05_billboard_n.uasset" 233
"../../../TheGame/Content/NatureAssets/Trees/Birch/materials/MI_Birch_billboard_05b.uasset" 234
"../../../TheGame/Content/NatureAssets/Trees/Birch/st_meshes/Birch_b_05.uasset" 235
"../../../TheGame/Content/NatureAssets/Trees/CoconutPalm/terxtures/coconutPalm_01_billboard.uasset" 236
"../../../TheGame/Content/NatureAssets/Trees/CoconutPalm/terxtures/coconutPalm_01_billboard_n.uasset" 237
"../../../TheGame/Content/NatureAssets/Trees/CoconutPalm/Materials/MI_CoconutPalm_billboard_01.uasset" 238
"../../../TheGame/Content/NatureAssets/Trees/CoconutPalm/terxtures/palm02.uasset" 239
"../../../TheGame/Content/NatureAssets/Trees/CoconutPalm/terxtures/palm02_n.uasset" 240
"../../../TheGame/Content/NatureAssets/Trees/CoconutPalm/Materials/MI_CoconutPalmBark.uasset" 241
"../../../TheGame/Content/NatureAssets/Trees/CoconutPalm/terxtures/coconut_palm_leaf.uasset" 242
"../../../TheGame/Content/NatureAssets/Trees/CoconutPalm/terxtures/coconut_palm_leaf_n.uasset" 243
"../../../TheGame/Content/NatureAssets/Trees/CoconutPalm/Materials/MI_CoconutPalmLeafes.uasset" 244
"../../../TheGame/Content/NatureAssets/Trees/CoconutPalm/st_meshes/coconutPalm_01.uasset" 245
"../../../TheGame/Content/NatureAssets/Trees/CoconutPalm/terxtures/coconutPalm_02_billboard.uasset" 246
"../../../TheGame/Content/NatureAssets/Trees/CoconutPalm/terxtures/coconutPalm_02_billboard_n.uasset" 247
"../../../TheGame/Content/NatureAssets/Trees/CoconutPalm/Materials/MI_CoconutPalm_billboard_02.uasset" 248
"../../../TheGame/Content/NatureAssets/Trees/CoconutPalm/st_meshes/coconutPalm_02.uasset" 249
"../../../TheGame/Content/NatureAssets/Trees/CoconutPalm/terxtures/coconutPalm_03_billboard.uasset" 250
"../../../TheGame/Content/NatureAssets/Trees/CoconutPalm/terxtures/coconutPalm_03_billboard_n.uasset" 251
"../../../TheGame/Content/NatureAssets/Trees/CoconutPalm/Materials/MI_CoconutPalm_billboard_03.uasset" 252
"../../../TheGame/Content/NatureAssets/Trees/CoconutPalm/st_meshes/coconutPalm_03.uasset" 253
"../../../TheGame/Content/NatureAssets/Trees/CoconutPalm/terxtures/coconutPalm_04_billboard.uasset" 254
"../../../TheGame/Content/NatureAssets/Trees/CoconutPalm/terxtures/coconutPalm_04_billboard_n.uasset" 255
"../../../TheGame/Content/NatureAssets/Trees/CoconutPalm/Materials/MI_CoconutPalm_billboard_04.uasset" 256
"../../../TheGame/Content/NatureAssets/Trees/CoconutPalm/st_meshes/coconutPalm_04.uasset" 257
"../../../TheGame/Content/NatureAssets/Trees/CoconutPalm/terxtures/coconutPalm_05_billboard.uasset" 258
"../../../TheGame/Content/NatureAssets/Trees/CoconutPalm/terxtures/coconutPalm_05_billboard_n.uasset" 259
"../../../TheGame/Content/NatureAssets/Trees/CoconutPalm/Materials/MI_CoconutPalm_billboard_05.uasset" 260
"../../../TheGame/Content/NatureAssets/Trees/CoconutPalm/st_meshes/coconutPalm_05.uasset" 261
"../../../TheGame/Content/NatureAssets/Trees/CurlyPalm/Textures/curlyPalm_01_billboard.uasset" 262
"../../../TheGame/Content/NatureAssets/Trees/CurlyPalm/Textures/curlyPalm_01_billboard_n.uasset" 263
"../../../TheGame/Content/NatureAssets/Trees/CurlyPalm/Materials/MI_CurlyPalm_billboard_01.uasset" 264
"../../../TheGame/Content/NatureAssets/Trees/CurlyPalm/Textures/palm01.uasset" 265
"../../../TheGame/Content/NatureAssets/Trees/CurlyPalm/Textures/Palm01_n.uasset" 266
"../../../TheGame/Content/NatureAssets/Trees/CurlyPalm/Materials/MI_CurlyPalmBark.uasset" 267
"../../../TheGame/Content/NatureAssets/Trees/CurlyPalm/Textures/curly_palm_leaf.uasset" 268
"../../../TheGame/Content/NatureAssets/Trees/CurlyPalm/Textures/curly_palm_leaf_n.uasset" 269
"../../../TheGame/Content/NatureAssets/Trees/CurlyPalm/Materials/MI_CurlyPalmLeafes.uasset" 270
"../../../TheGame/Content/NatureAssets/Trees/CurlyPalm/st_Meshes/curlyPalm_01.uasset" 271
"../../../TheGame/Content/NatureAssets/Trees/CurlyPalm/Textures/curlyPalm_02_billboard.uasset" 272
"../../../TheGame/Content/NatureAssets/Trees/CurlyPalm/Textures/curlyPalm_02_billboard_n.uasset" 273
"../../../TheGame/Content/NatureAssets/Trees/CurlyPalm/Materials/MI_CurlyPalm_billboard_02.uasset" 274
"../../../TheGame/Content/NatureAssets/Trees/CurlyPalm/st_Meshes/curlyPalm_02.uasset" 275
"../../../TheGame/Content/NatureAssets/Trees/CurlyPalm/Textures/curlyPalm_03_billboard.uasset" 276
"../../../TheGame/Content/NatureAssets/Trees/CurlyPalm/Textures/curlyPalm_03_billboard_n.uasset" 277
"../../../TheGame/Content/NatureAssets/Trees/CurlyPalm/Materials/MI_CurlyPalm_billboard_03.uasset" 278
"../../../TheGame/Content/NatureAssets/Trees/CurlyPalm/st_Meshes/curlyPalm_03.uasset" 279
"../../../TheGame/Content/NatureAssets/Trees/CurlyPalm/Textures/curlyPalm_04_billboard.uasset" 280
"../../../TheGame/Content/NatureAssets/Trees/CurlyPalm/Textures/curlyPalm_04_billboard_n.uasset" 281
"../../../TheGame/Content/NatureAssets/Trees/CurlyPalm/Materials/MI_CurlyPalm_billboard_04.uasset" 282
"../../../TheGame/Content/NatureAssets/Trees/CurlyPalm/st_Meshes/curlyPalm_04.uasset" 283
"../../../TheGame/Content/NatureAssets/Trees/CurlyPalm/Textures/curlyPalm_05_billboard.uasset" 284
"../../../TheGame/Content/NatureAssets/Trees/CurlyPalm/Textures/curlyPalm_05_billboard_n.uasset" 285
"../../../TheGame/Content/NatureAssets/Trees/CurlyPalm/Materials/MI_CurlyPalm_billboard_05.uasset" 286
"../../../TheGame/Content/NatureAssets/Trees/CurlyPalm/st_Meshes/curlyPalm_05.uasset" 287
"../../../TheGame/Content/NatureAssets/Trees/Elm/Textures/Elm_01_billboard.uasset" 288
"../../../TheGame/Content/NatureAssets/Trees/Elm/Textures/Elm_01_billboard_n.uasset" 289
"../../../TheGame/Content/NatureAssets/Trees/Elm/Materials/MI_Elm_billboard_01.uasset" 290
"../../../TheGame/Content/NatureAssets/Trees/Elm/st_meshes/elm_01_LOD0.uasset" 291
"../../../TheGame/Content/NatureAssets/Trees/Elm/Textures/Elm_02_billboard.uasset" 292
"../../../TheGame/Content/NatureAssets/Trees/Elm/Textures/Elm_02_billboard_n.uasset" 293
"../../../TheGame/Content/NatureAssets/Trees/Elm/Materials/MI_Elm_billboard_02.uasset" 294
"../../../TheGame/Content/NatureAssets/Trees/Elm/st_meshes/elm_02.uasset" 295
"../../../TheGame/Content/NatureAssets/Trees/Elm/Textures/Elm_04_billboard.uasset" 296
"../../../TheGame/Content/NatureAssets/Trees/Elm/Textures/Elm_04_billboard_n.uasset" 297
"../../../TheGame/Content/NatureAssets/Trees/Elm/Materials/MI_Elm_billboard_04.uasset" 298
"../../../TheGame/Content/NatureAssets/Trees/Elm/st_meshes/elm_04.uasset" 299
"../../../TheGame/Content/NatureAssets/Trees/Elm/Textures/Elm_05_billboard.uasset" 300
"../../../TheGame/Content/NatureAssets/Trees/Elm/Textures/Elm_05_billboard_n.uasset" 301
"../../../TheGame/Content/NatureAssets/Trees/Elm/Materials/MI_Elm_billboard_05.uasset" 302
"../../../TheGame/Content/NatureAssets/Trees/Elm/st_meshes/elm_05.uasset" 303
"../../../TheGame/Content/NatureAssets/Trees/Elm/Textures/Elm_b_01_billboard.uasset" 304
"../../../TheGame/Content/NatureAssets/Trees/Elm/Textures/Elm_b_01_billboard_n.uasset" 305
"../../../TheGame/Content/NatureAssets/Trees/Elm/Materials/MI_Elm_billboard_01b.uasset" 306
"../../../TheGame/Content/NatureAssets/Trees/Elm/st_meshes/elm_b_01.uasset" 307
"../../../TheGame/Content/NatureAssets/Trees/Elm/Textures/Elm_b_02_billboard.uasset" 308
"../../../TheGame/Content/NatureAssets/Trees/Elm/Textures/Elm_b_02_billboard_n.uasset" 309
"../../../TheGame/Content/NatureAssets/Trees/Elm/Materials/MI_Elm_billboard_02b.uasset" 310
"../../../TheGame/Content/NatureAssets/Trees/Elm/st_meshes/elm_b_02.uasset" 311
"../../../TheGame/Content/NatureAssets/Trees/Elm/Textures/Elm_b_03_billboard.uasset" 312
"../../../TheGame/Content/NatureAssets/Trees/Elm/Textures/Elm_b_03_billboard_n.uasset" 313
"../../../TheGame/Content/NatureAssets/Trees/Elm/Materials/MI_Elm_billboard_03b.uasset" 314
"../../../TheGame/Content/NatureAssets/Trees/Elm/st_meshes/elm_b_03.uasset" 315
"../../../TheGame/Content/NatureAssets/Trees/Elm/Textures/Elm_b_04_billboard.uasset" 316
"../../../TheGame/Content/NatureAssets/Trees/Elm/Textures/Elm_b_04_billboard_n.uasset" 317
"../../../TheGame/Content/NatureAssets/Trees/Elm/Materials/MI_Elm_billboard_04b.uasset" 318
"../../../TheGame/Content/NatureAssets/Trees/Elm/st_meshes/elm_b_04.uasset" 319
"../../../TheGame/Content/NatureAssets/Trees/Elm/Textures/Elm_b_05_billboard.uasset" 320
"../../../TheGame/Content/NatureAssets/Trees/Elm/Textures/Elm_b_05_billboard_n.uasset" 321
"../../../TheGame/Content/NatureAssets/Trees/Elm/Materials/MI_Elm_billboard_05b.uasset" 322
"../../../TheGame/Content/NatureAssets/Trees/Elm/st_meshes/elm_b_05.uasset" 323
"../../../TheGame/Content/NatureAssets/Trees/Fir/textures/fir_01_billboard.uasset" 324
"../../../TheGame/Content/NatureAssets/Trees/Fir/textures/fir_01_billboard_n.uasset" 325
"../../../TheGame/Content/NatureAssets/Trees/Fir/Materials/MI_Fir_billboard_01.uasset" 326
"../../../TheGame/Content/NatureAssets/Trees/Fir/textures/bark08.uasset" 327
"../../../TheGame/Content/NatureAssets/Trees/Fir/textures/bark08_n.uasset" 328
"../../../TheGame/Content/NatureAssets/Trees/Fir/Materials/MI_FirBark.uasset" 329
"../../../TheGame/Content/NatureAssets/Trees/Fir/textures/fir_leaf.uasset" 330
"../../../TheGame/Content/NatureAssets/Trees/Fir/textures/fir_leaf_n.uasset" 331
"../../../TheGame/Content/NatureAssets/Trees/Fir/Materials/MI_FirLeafes.uasset" 332
"../../../TheGame/Content/NatureAssets/Trees/Fir/st_meshes/fir_01.uasset" 333
"../../../TheGame/Content/NatureAssets/Trees/Fir/textures/fir_02_billboard.uasset" 334
"../../../TheGame/Content/NatureAssets/Trees/Fir/textures/fir_02_billboard_n.uasset" 335
"../../../TheGame/Content/NatureAssets/Trees/Fir/Materials/MI_Fir_billboard_02.uasset" 336
"../../../TheGame/Content/NatureAssets/Trees/Fir/st_meshes/fir_02.uasset" 337
"../../../TheGame/Content/NatureAssets/Trees/Fir/textures/fir_03_billboard.uasset" 338
"../../../TheGame/Content/NatureAssets/Trees/Fir/textures/fir_03_billboard_n.uasset" 339
"../../../TheGame/Content/NatureAssets/Trees/Fir/Materials/MI_Fir_billboard_03.uasset" 340
"../../../TheGame/Content/NatureAssets/Trees/Fir/st_meshes/fir_03.uasset" 341
"../../../TheGame/Content/NatureAssets/Trees/Fir/textures/fir_04_billboard.uasset" 342
"../../../TheGame/Content/NatureAssets/Trees/Fir/textures/fir_04_billboard_n.uasset" 343
"../../../TheGame/Content/NatureAssets/Trees/Fir/Materials/MI_Fir_billboard_04.uasset" 344
"../../../TheGame/Content/NatureAssets/Trees/Fir/st_meshes/fir_04.uasset" 345
"../../../TheGame/Content/NatureAssets/Trees/Fir/textures/fir_05_billboard.uasset" 346
"../../../TheGame/Content/NatureAssets/Trees/Fir/textures/fir_05_billboard_n.uasset" 347
"../../../TheGame/Content/NatureAssets/Trees/Fir/Materials/MI_Fir_billboard_05.uasset" 348
"../../../TheGame/Content/NatureAssets/Trees/Fir/st_meshes/fir_05.uasset" 349
"../../../TheGame/Content/NatureAssets/Trees/Juniper/textures/bark06.uasset" 350
"../../../TheGame/Content/NatureAssets/Trees/Juniper/textures/bark06_n.uasset" 351
"../../../TheGame/Content/NatureAssets/Trees/Juniper/Materials/MI_JuniperBark.uasset" 352
"../../../TheGame/Content/NatureAssets/Trees/Juniper/textures/juniper_01_billboard.uasset" 353
"../../../TheGame/Content/NatureAssets/Trees/Juniper/textures/juniper_01_billboard_n.uasset" 354
"../../../TheGame/Content/NatureAssets/Trees/Juniper/Materials/MI_JuniperBillboard_01.uasset" 355
"../../../TheGame/Content/NatureAssets/Trees/Juniper/textures/juniper_leaf.uasset" 356
"../../../TheGame/Content/NatureAssets/Trees/Juniper/textures/juniper_leaf_n.uasset" 357
"../../../TheGame/Content/NatureAssets/Trees/Juniper/Materials/MI_JuniperLeafes.uasset" 358
"../../../TheGame/Content/NatureAssets/Trees/Juniper/st_meshes/juniper_01.uasset" 359
"../../../TheGame/Content/NatureAssets/Trees/Juniper/textures/juniper_02_billboard.uasset" 360
"../../../TheGame/Content/NatureAssets/Trees/Juniper/textures/juniper_02_billboard_n.uasset" 361
"../../../TheGame/Content/NatureAssets/Trees/Juniper/Materials/MI_JuniperBillboard_02.uasset" 362
"../../../TheGame/Content/NatureAssets/Trees/Juniper/st_meshes/juniper_02.uasset" 363
"../../../TheGame/Content/NatureAssets/Trees/Juniper/textures/juniper_03_billboard.uasset" 364
"../../../TheGame/Content/NatureAssets/Trees/Juniper/textures/juniper_03_billboard_n.uasset" 365
"../../../TheGame/Content/NatureAssets/Trees/Juniper/Materials/MI_JuniperBillboard_03.uasset" 366
"../../../TheGame/Content/NatureAssets/Trees/Juniper/st_meshes/juniper_03.uasset" 367
"../../../TheGame/Content/NatureAssets/Trees/Juniper/textures/juniper_04_billboard.uasset" 368
"../../../TheGame/Content/NatureAssets/Trees/Juniper/textures/juniper_04_billboard_n.uasset" 369
"../../../TheGame/Content/NatureAssets/Trees/Juniper/Materials/MI_JuniperBillboard_04.uasset" 370
"../../../TheGame/Content/NatureAssets/Trees/Juniper/st_meshes/juniper_04.uasset" 371
"../../../TheGame/Content/NatureAssets/Trees/Juniper/textures/juniper_05_billboard.uasset" 372
"../../../TheGame/Content/NatureAssets/Trees/Juniper/textures/juniper_05_billboard_n.uasset" 373
"../../../TheGame/Content/NatureAssets/Trees/Juniper/Materials/MI_JuniperBillboard_05.uasset" 374
"../../../TheGame/Content/NatureAssets/Trees/Juniper/st_meshes/juniper_05.uasset" 375
"../../../TheGame/Content/NatureAssets/Trees/Maple/textures/bark05.uasset" 376
"../../../TheGame/Content/NatureAssets/Trees/Maple/textures/bark05_n.uasset" 377
"../../../TheGame/Content/NatureAssets/Trees/Maple/materials/MI_mapleBark.uasset" 378
"../../../TheGame/Content/NatureAssets/Trees/Maple/textures/maple_01_billboard.uasset" 379
"../../../TheGame/Content/NatureAssets/Trees/Maple/textures/maple_01_billboard_n.uasset" 380
"../../../TheGame/Content/NatureAssets/Trees/Maple/materials/MI_MapleBillboard_01.uasset" 381
"../../../TheGame/Content/NatureAssets/Trees/Maple/textures/maple_leaf.uasset" 382
"../../../TheGame/Content/NatureAssets/Trees/Maple/textures/maple_leaf_n.uasset" 383
"../../../TheGame/Content/NatureAssets/Trees/Maple/materials/MI_MapleLeafes.uasset" 384
"../../../TheGame/Content/NatureAssets/Trees/Maple/st_meshes/maple_01.uasset" 385
"../../../TheGame/Content/NatureAssets/Trees/Maple/textures/maple_02_billboard.uasset" 386
"../../../TheGame/Content/NatureAssets/Trees/Maple/textures/maple_02_billboard_n.uasset" 387
"../../../TheGame/Content/NatureAssets/Trees/Maple/materials/MI_MapleBillboard_02.uasset" 388
"../../../TheGame/Content/NatureAssets/Trees/Maple/st_meshes/maple_02.uasset" 389
"../../../TheGame/Content/NatureAssets/Trees/Maple/textures/maple_03_billboard.uasset" 390
"../../../TheGame/Content/NatureAssets/Trees/Maple/textures/maple_03_billboard_n.uasset" 391
"../../../TheGame/Content/NatureAssets/Trees/Maple/materials/MI_MapleBillboard_03.uasset" 392
"../../../TheGame/Content/NatureAssets/Trees/Maple/st_meshes/maple_03.uasset" 393
"../../../TheGame/Content/NatureAssets/Trees/Maple/textures/maple_04_billboard.uasset" 394
"../../../TheGame/Content/NatureAssets/Trees/Maple/textures/maple_04_billboard_n.uasset" 395
"../../../TheGame/Content/NatureAssets/Trees/Maple/materials/MI_MapleBillboard_04.uasset" 396
"../../../TheGame/Content/NatureAssets/Trees/Maple/st_meshes/maple_04.uasset" 397
"../../../TheGame/Content/NatureAssets/Trees/Maple/textures/maple_05_billboard.uasset" 398
"../../../TheGame/Content/NatureAssets/Trees/Maple/textures/maple_05_billboard_n.uasset" 399
"../../../TheGame/Content/NatureAssets/Trees/Maple/materials/MI_MapleBillboard_05.uasset" 400
"../../../TheGame/Content/NatureAssets/Trees/Maple/st_meshes/maple_05.uasset" 401
"../../../TheGame/Content/NatureAssets/Trees/Maple/textures/maple_b_01_billboard.uasset" 402
"../../../TheGame/Content/NatureAssets/Trees/Maple/textures/maple_b_01_billboard_n.uasset" 403
"../../../TheGame/Content/NatureAssets/Trees/Maple/materials/MI_MapleBillboard_01b.uasset" 404
"../../../TheGame/Content/NatureAssets/Trees/Maple/st_meshes/maple_b_01.uasset" 405
"../../../TheGame/Content/NatureAssets/Trees/Maple/textures/maple_b_02_billboard.uasset" 406
"../../../TheGame/Content/NatureAssets/Trees/Maple/textures/maple_b_02_billboard_n.uasset" 407
"../../../TheGame/Content/NatureAssets/Trees/Maple/materials/MI_MapleBillboard_02b.uasset" 408
"../../../TheGame/Content/NatureAssets/Trees/Maple/st_meshes/maple_b_02.uasset" 409
"../../../TheGame/Content/NatureAssets/Trees/Maple/textures/maple_b_03_billboard.uasset" 410
"../../../TheGame/Content/NatureAssets/Trees/Maple/textures/maple_b_03_billboard_n.uasset" 411
"../../../TheGame/Content/NatureAssets/Trees/Maple/materials/MI_MapleBillboard_03b.uasset" 412
"../../../TheGame/Content/NatureAssets/Trees/Maple/st_meshes/maple_b_03.uasset" 413
"../../../TheGame/Content/NatureAssets/Trees/Maple/textures/maple_b_04_billboard.uasset" 414
"../../../TheGame/Content/NatureAssets/Trees/Maple/textures/maple_b_04_billboard_n.uasset" 415
"../../../TheGame/Content/NatureAssets/Trees/Maple/materials/MI_MapleBillboard_04b.uasset" 416
"../../../TheGame/Content/NatureAssets/Trees/Maple/st_meshes/maple_b_04.uasset" 417
"../../../TheGame/Content/NatureAssets/Trees/Maple/textures/maple_b_05_billboard.uasset" 418
"../../../TheGame/Content/NatureAssets/Trees/Maple/textures/maple_b_05_billboard_n.uasset" 419
"../../../TheGame/Content/NatureAssets/Trees/Maple/materials/MI_MapleBillboard_05b.uasset" 420
"../../../TheGame/Content/NatureAssets/Trees/Maple/st_meshes/maple_b_05.uasset" 421
"../../../TheGame/Content/NatureAssets/Trees/Oak/textures/bark03.uasset" 422
"../../../TheGame/Content/NatureAssets/Trees/Oak/textures/bark03_n.uasset" 423
"../../../TheGame/Content/NatureAssets/Trees/Oak/materials/MI_OakBark.uasset" 424
"../../../TheGame/Content/NatureAssets/Trees/Oak/textures/oak_01_billboard.uasset" 425
"../../../TheGame/Content/NatureAssets/Trees/Oak/textures/oak_01_billboard_n.uasset" 426
"../../../TheGame/Content/NatureAssets/Trees/Oak/materials/MI_OakBillboard_01.uasset" 427
"../../../TheGame/Content/NatureAssets/Trees/Oak/textures/oak_leaf.uasset" 428
"../../../TheGame/Content/NatureAssets/Trees/Oak/textures/oak_leaf_n.uasset" 429
"../../../TheGame/Content/NatureAssets/Trees/Oak/materials/MI_OakLeafes.uasset" 430
"../../../TheGame/Content/NatureAssets/Trees/Oak/st_meshes/oak_01.uasset" 431
"../../../TheGame/Content/NatureAssets/Trees/Oak/textures/oak_02_billboard.uasset" 432
"../../../TheGame/Content/NatureAssets/Trees/Oak/textures/oak_02_billboard_n.uasset" 433
"../../../TheGame/Content/NatureAssets/Trees/Oak/materials/MI_OakBillboard_02.uasset" 434
"../../../TheGame/Content/NatureAssets/Trees/Oak/st_meshes/oak_02.uasset" 435
"../../../TheGame/Content/NatureAssets/Trees/Oak/textures/oak_03_billboard.uasset" 436
"../../../TheGame/Content/NatureAssets/Trees/Oak/textures/oak_03_billboard_n.uasset" 437
"../../../TheGame/Content/NatureAssets/Trees/Oak/materials/MI_OakBillboard_03.uasset" 438
"../../../TheGame/Content/NatureAssets/Trees/Oak/st_meshes/oak_03.uasset" 439
"../../../TheGame/Content/NatureAssets/Trees/Oak/textures/oak_04_billboard.uasset" 440
"../../../TheGame/Content/NatureAssets/Trees/Oak/textures/oak_04_billboard_n.uasset" 441
"../../../TheGame/Content/NatureAssets/Trees/Oak/materials/MI_OakBillboard_04.uasset" 442
"../../../TheGame/Content/NatureAssets/Trees/Oak/st_meshes/oak_04.uasset" 443
"../../../TheGame/Content/NatureAssets/Trees/Oak/textures/oak_05_billboard.uasset" 444
"../../../TheGame/Content/NatureAssets/Trees/Oak/textures/oak_05_billboard_n.uasset" 445
"../../../TheGame/Content/NatureAssets/Trees/Oak/materials/MI_OakBillboard_05.uasset" 446
"../../../TheGame/Content/NatureAssets/Trees/Oak/textures/oak_b_05_billboard.uasset" 447
"../../../TheGame/Content/NatureAssets/Trees/Oak/textures/oak_b_05_billboard_n.uasset" 448
"../../../TheGame/Content/NatureAssets/Trees/Oak/materials/MI_OakBillboard_05b.uasset" 449
"../../../TheGame/Content/NatureAssets/Trees/Oak/st_meshes/oak_05.uasset" 450
"../../../TheGame/Content/NatureAssets/Trees/Oak/textures/oak_b_01_billboard.uasset" 451
"../../../TheGame/Content/NatureAssets/Trees/Oak/textures/oak_b_01_billboard_n.uasset" 452
"../../../TheGame/Content/NatureAssets/Trees/Oak/materials/MI_OakBillboard_01b.uasset" 453
"../../../TheGame/Content/NatureAssets/Trees/Oak/st_meshes/oak_b_01.uasset" 454
"../../../TheGame/Content/NatureAssets/Trees/Oak/textures/oak_b_02_billboard.uasset" 455
"../../../TheGame/Content/NatureAssets/Trees/Oak/textures/oak_b_02_billboard_n.uasset" 456
"../../../TheGame/Content/NatureAssets/Trees/Oak/materials/MI_OakBillboard_02b.uasset" 457
"../../../TheGame/Content/NatureAssets/Trees/Oak/st_meshes/oak_b_02.uasset" 458
"../../../TheGame/Content/NatureAssets/Trees/Oak/textures/oak_b_03_billboard.uasset" 459
"../../../TheGame/Content/NatureAssets/Trees/Oak/textures/oak_b_03_billboard_n.uasset" 460
"../../../TheGame/Content/NatureAssets/Trees/Oak/materials/MI_OakBillboard_03b.uasset" 461
"../../../TheGame/Content/NatureAssets/Trees/Oak/st_meshes/oak_b_03.uasset" 462
"../../../TheGame/Content/NatureAssets/Trees/Oak/textures/oak_b_04_billboard.uasset" 463
"../../../TheGame/Content/NatureAssets/Trees/Oak/textures/oak_b_04_billboard_n.uasset" 464
"../../../TheGame/Content/NatureAssets/Trees/Oak/materials/MI_OakBillboard_04b.uasset" 465
"../../../TheGame/Content/NatureAssets/Trees/Oak/st_meshes/oak_b_04.uasset" 466
"../../../TheGame/Content/NatureAssets/Trees/Oak/st_meshes/oak_b_05.uasset" 467
"../../../TheGame/Content/NatureAssets/Trees/Pine/textures/pine_04_billboard.uasset" 468
"../../../TheGame/Content/NatureAssets/Trees/Pine/textures/pine_04_billboard_n.uasset" 469
"../../../TheGame/Content/NatureAssets/Trees/Pine/materials/MI_PineBillboard_04.uasset" 470
"../../../TheGame/Content/NatureAssets/Trees/Pine/textures/pine_02_billboard.uasset" 471
"../../../TheGame/Content/NatureAssets/Trees/Pine/textures/pine_02_billboard_n.uasset" 472
"../../../TheGame/Content/NatureAssets/Trees/Pine/materials/MI_PineBillboard_02.uasset" 473
"../../../TheGame/Content/NatureAssets/Trees/Pine/st_meshes/pine_02.uasset" 474
"../../../TheGame/Content/NatureAssets/Trees/Pine/textures/pine_03_billboard.uasset" 475
"../../../TheGame/Content/NatureAssets/Trees/Pine/textures/pine_03_billboard_n.uasset" 476
"../../../TheGame/Content/NatureAssets/Trees/Pine/materials/MI_PineBillboard_03.uasset" 477
"../../../TheGame/Content/NatureAssets/Trees/Pine/st_meshes/pine_03.uasset" 478
"../../../TheGame/Content/NatureAssets/Trees/Pine/textures/pine_05_billboard.uasset" 479
"../../../TheGame/Content/NatureAssets/Trees/Pine/textures/pine_05_billboard_n.uasset" 480
"../../../TheGame/Content/NatureAssets/Trees/Pine/materials/MI_PineBillboard_05.uasset" 481
"../../../TheGame/Content/NatureAssets/Trees/Pine/st_meshes/pine_04.uasset" 482
"../../../TheGame/Content/NatureAssets/Trees/Pine/st_meshes/pine_05.uasset" 483
"../../../TheGame/Content/NatureAssets/Trees/Pine/textures/pine_b_01_billboard.uasset" 484
"../../../TheGame/Content/NatureAssets/Trees/Pine/textures/pine_b_01_billboard_n.uasset" 485
"../../../TheGame/Content/NatureAssets/Trees/Pine/materials/MI_PineBillboard_01b.uasset" 486
"../../../TheGame/Content/NatureAssets/Trees/Pine/st_meshes/pine_b_01.uasset" 487
"../../../TheGame/Content/NatureAssets/Trees/Pine/textures/pine_b_02_billboard.uasset" 488
"../../../TheGame/Content/NatureAssets/Trees/Pine/textures/pine_b_02_billboard_n.uasset" 489
"../../../TheGame/Content/NatureAssets/Trees/Pine/materials/MI_PineBillboard_02b.uasset" 490
"../../../TheGame/Content/NatureAssets/Trees/Pine/st_meshes/pine_b_02.uasset" 491
"../../../TheGame/Content/NatureAssets/Trees/Pine/textures/pine_b_03_billboard.uasset" 492
"../../../TheGame/Content/NatureAssets/Trees/Pine/textures/pine_b_03_billboard_n.uasset" 493
"../../../TheGame/Content/NatureAssets/Trees/Pine/materials/MI_PineBillboard_03b.uasset" 494
"../../../TheGame/Content/NatureAssets/Trees/Pine/st_meshes/pine_b_03.uasset" 495
"../../../TheGame/Content/NatureAssets/Trees/Pine/textures/pine_b_04_billboard.uasset" 496
"../../../TheGame/Content/NatureAssets/Trees/Pine/textures/pine_b_04_billboard_n.uasset" 497
"../../../TheGame/Content/NatureAssets/Trees/Pine/materials/MI_PineBillboard_04b.uasset" 498
"../../../TheGame/Content/NatureAssets/Trees/Pine/st_meshes/pine_b_04.uasset" 499
"../../../TheGame/Content/NatureAssets/Trees/Pine/textures/pine_b_05_billboard.uasset" 500
"../../../TheGame/Content/NatureAssets/Trees/Pine/textures/pine_b_05_billboard_n.uasset" 501
"../../../TheGame/Content/NatureAssets/Trees/Pine/materials/MI_PineBillboard_5b.uasset" 502
"../../../TheGame/Content/NatureAssets/Trees/Pine/st_meshes/pine_b_05.uasset" 503
"../../../TheGame/Content/NatureAssets/Trees/QueenPalm/textures/palm03.uasset" 504
"../../../TheGame/Content/NatureAssets/Trees/QueenPalm/textures/palm03_n.uasset" 505
"../../../TheGame/Content/NatureAssets/Trees/QueenPalm/Materials/MI_QueenPalmBark.uasset" 506
"../../../TheGame/Content/NatureAssets/Trees/QueenPalm/textures/queenPalm_01_billboard.uasset" 507
"../../../TheGame/Content/NatureAssets/Trees/QueenPalm/textures/queenPalm_01_billboard_n.uasset" 508
"../../../TheGame/Content/NatureAssets/Trees/QueenPalm/Materials/MI_QueenPalmBillboard_01.uasset" 509
"../../../TheGame/Content/NatureAssets/Trees/QueenPalm/textures/queen_palm_leaf.uasset" 510
"../../../TheGame/Content/NatureAssets/Trees/QueenPalm/textures/queen_palm_leaf_n.uasset" 511
"../../../TheGame/Content/NatureAssets/Trees/QueenPalm/Materials/MI_QueenPalmLeafes.uasset" 512
"../../../TheGame/Content/NatureAssets/Trees/QueenPalm/st_meshes/queenPalm_01.uasset" 513
"../../../TheGame/Content/NatureAssets/Trees/QueenPalm/textures/queenPalm_02_billboard.uasset" 514
"../../../TheGame/Content/NatureAssets/Trees/QueenPalm/textures/queenPalm_02_billboard_n.uasset" 515
"../../../TheGame/Content/NatureAssets/Trees/QueenPalm/Materials/MI_QueenPalmBillboard_02.uasset" 516
"../../../TheGame/Content/NatureAssets/Trees/QueenPalm/st_meshes/queenPalm_02.uasset" 517
"../../../TheGame/Content/NatureAssets/Trees/QueenPalm/textures/queenPalm_03_billboard.uasset" 518
"../../../TheGame/Content/NatureAssets/Trees/QueenPalm/textures/queenPalm_03_billboard_n.uasset" 519
"../../../TheGame/Content/NatureAssets/Trees/QueenPalm/Materials/MI_QueenPalmBillboard_03.uasset" 520
"../../../TheGame/Content/NatureAssets/Trees/QueenPalm/st_meshes/queenPalm_03.uasset" 521
"../../../TheGame/Content/NatureAssets/Trees/QueenPalm/textures/queenPalm_04_billboard.uasset" 522
"../../../TheGame/Content/NatureAssets/Trees/QueenPalm/textures/queenPalm_04_billboard_n.uasset" 523
"../../../TheGame/Content/NatureAssets/Trees/QueenPalm/Materials/MI_QueenPalmBillboard_04.uasset" 524
"../../../TheGame/Content/NatureAssets/Trees/QueenPalm/st_meshes/queenPalm_04.uasset" 525
"../../../TheGame/Content/NatureAssets/Trees/QueenPalm/textures/queenPalm_05_billboard.uasset" 526
"../../../TheGame/Content/NatureAssets/Trees/QueenPalm/textures/queenPalm_05_billboard_n.uasset" 527
"../../../TheGame/Content/NatureAssets/Trees/QueenPalm/Materials/MI_QueenPalmBillboard_05.uasset" 528
"../../../TheGame/Content/NatureAssets/Trees/QueenPalm/st_meshes/queenPalm_05.uasset" 529
"../../../TheGame/Content/NatureAssets/Trees/Spruce/textures/bark06.uasset" 530
"../../../TheGame/Content/NatureAssets/Trees/Spruce/textures/bark06_n.uasset" 531
"../../../TheGame/Content/NatureAssets/Trees/Spruce/Materials/MI_SpruceBark.uasset" 532
"../../../TheGame/Content/NatureAssets/Trees/Spruce/textures/spuce_01_billboard.uasset" 533
"../../../TheGame/Content/NatureAssets/Trees/Spruce/textures/spuce_01_billboard_n.uasset" 534
"../../../TheGame/Content/NatureAssets/Trees/Spruce/Materials/MI_SpruceBillboard_01.uasset" 535
"../../../TheGame/Content/NatureAssets/Trees/Spruce/textures/spruce_leaf.uasset" 536
"../../../TheGame/Content/NatureAssets/Trees/Spruce/textures/spruce_leaf_n.uasset" 537
"../../../TheGame/Content/NatureAssets/Trees/Spruce/Materials/MI_SpruceLeafes.uasset" 538
"../../../TheGame/Content/NatureAssets/Trees/Spruce/st_meshes/spruce_01.uasset" 539
"../../../TheGame/Content/NatureAssets/Trees/Spruce/textures/spuce_02_billboard.uasset" 540
"../../../TheGame/Content/NatureAssets/Trees/Spruce/textures/spuce_02_billboard_n.uasset" 541
"../../../TheGame/Content/NatureAssets/Trees/Spruce/Materials/MI_SpruceBillboard_02.uasset" 542
"../../../TheGame/Content/NatureAssets/Trees/Spruce/st_meshes/spruce_02.uasset" 543
"../../../TheGame/Content/NatureAssets/Trees/Spruce/textures/spuce_03_billboard.uasset" 544
"../../../TheGame/Content/NatureAssets/Trees/Spruce/textures/spuce_03_billboard_n.uasset" 545
"../../../TheGame/Content/NatureAssets/Trees/Spruce/Materials/MI_SpruceBillboard_03.uasset" 546
"../../../TheGame/Content/NatureAssets/Trees/Spruce/st_meshes/spruce_03.uasset" 547
"../../../TheGame/Content/NatureAssets/Trees/Spruce/textures/spuce_04_billboard.uasset" 548
"../../../TheGame/Content/NatureAssets/Trees/Spruce/textures/spuce_04_billboard_n.uasset" 549
"../../../TheGame/Content/NatureAssets/Trees/Spruce/Materials/MI_SpruceBillboard_04.uasset" 550
"../../../TheGame/Content/NatureAssets/Trees/Spruce/st_meshes/spruce_04.uasset" 551
"../../../TheGame/Content/NatureAssets/Trees/Spruce/textures/spuce_05_billboard.uasset" 552
"../../../TheGame/Content/NatureAssets/Trees/Spruce/textures/spuce_05_billboard_n.uasset" 553
"../../../TheGame/Content/NatureAssets/Trees/Spruce/Materials/MI_SpruceBillboard_05.uasset" 554
"../../../TheGame/Content/NatureAssets/Trees/Spruce/st_meshes/spruce_05.uasset" 555
"../../../TheGame/Content/NatureAssets/Trees/Sycamore/textures/bark01.uasset" 556
"../../../TheGame/Content/NatureAssets/Trees/Sycamore/textures/bark01_n.uasset" 557
"../../../TheGame/Content/NatureAssets/Trees/Sycamore/materials/MI_SycamoreBark.uasset" 558
"../../../TheGame/Content/NatureAssets/Trees/Sycamore/textures/sycamore_01_Billboard.uasset" 559
"../../../TheGame/Content/NatureAssets/Trees/Sycamore/textures/sycamore_01_Billboard_n.uasset" 560
"../../../TheGame/Content/NatureAssets/Trees/Sycamore/materials/MI_SycamoreBillboard_01.uasset" 561
"../../../TheGame/Content/NatureAssets/Trees/Sycamore/textures/sycamore_leaf.uasset" 562
"../../../TheGame/Content/NatureAssets/Trees/Sycamore/textures/sycamore_leaf_n.uasset" 563
"../../../TheGame/Content/NatureAssets/Trees/Sycamore/materials/MI_SycamoreLeafes.uasset" 564
"../../../TheGame/Content/NatureAssets/Trees/Sycamore/st_meshes/sycamore_01.uasset" 565
"../../../TheGame/Content/NatureAssets/Trees/Sycamore/textures/sycamore_02_Billboard.uasset" 566
"../../../TheGame/Content/NatureAssets/Trees/Sycamore/textures/sycamore_02_Billboard_n.uasset" 567
"../../../TheGame/Content/NatureAssets/Trees/Sycamore/materials/MI_SycamoreBillboard_02.uasset" 568
"../../../TheGame/Content/NatureAssets/Trees/Sycamore/st_meshes/sycamore_02.uasset" 569
"../../../TheGame/Content/NatureAssets/Trees/Sycamore/textures/sycamore_03_Billboard.uasset" 570
"../../../TheGame/Content/NatureAssets/Trees/Sycamore/textures/sycamore_03_Billboard_n.uasset" 571
"../../../TheGame/Content/NatureAssets/Trees/Sycamore/materials/MI_SycamoreBillboard_03.uasset" 572
"../../../TheGame/Content/NatureAssets/Trees/Sycamore/st_meshes/sycamore_03.uasset" 573
"../../../TheGame/Content/NatureAssets/Trees/Sycamore/textures/sycamore_04_Billboard.uasset" 574
"../../../TheGame/Content/NatureAssets/Trees/Sycamore/textures/sycamore_04_Billboard_n.uasset" 575
"../../../TheGame/Content/NatureAssets/Trees/Sycamore/materials/MI_SycamoreBillboard_04.uasset" 576
"../../../TheGame/Content/NatureAssets/Trees/Sycamore/st_meshes/sycamore_04.uasset" 577
"../../../TheGame/Content/NatureAssets/Trees/Sycamore/textures/sycamore_05_Billboard.uasset" 578
"../../../TheGame/Content/NatureAssets/Trees/Sycamore/textures/sycamore_05_Billboard_n.uasset" 579
"../../../TheGame/Content/NatureAssets/Trees/Sycamore/materials/MI_SycamoreBillboard_05.uasset" 580
"../../../TheGame/Content/NatureAssets/Trees/Sycamore/st_meshes/sycamore_05.uasset" 581
"../../../TheGame/Content/StarterContent/Materials/M_Basic_Wall.uasset" 582
"../../../TheGame/Content/StarterContent/Architecture/Pillar_50x500.uasset" 583
"../../../TheGame/Content/StarterContent/Architecture/Wall_400x300.uasset" 584
"../../../TheGame/Content/StarterContent/Architecture/Wall_400x400.uasset" 585
"../../../TheGame/Content/StarterContent/Architecture/Wall_500x500.uasset" 586
"../../../TheGame/Content/StarterContent/Architecture/Wall_Door_400x400.uasset" 587
"../../../TheGame/Content/StarterContent/Architecture/Wall_Window_400x400.uasset" 588
"../../../TheGame/Content/StarterContent/Audio/Light01_Cue.uasset" 589
"../../../TheGame/Content/StarterContent/Audio/Light02_Cue.uasset" 590
"../../../TheGame/Content/StarterContent/Audio/Explosion_Cue.uasset" 591
"../../../TheGame/Content/StarterContent/Textures/T_Burst_M.uasset" 592
"../../../TheGame/Content/StarterContent/Particles/Materials/M_Burst.uasset" 593
"../../../TheGame/Content/StarterContent/Textures/T_Explosion_SubUV.uasset" 594
"../../../TheGame/Content/StarterContent/Particles/Materials/M_explosion_subUV.uasset" 595
"../../../TheGame/Content/StarterContent/Particles/Materials/m_flare_01.uasset" 596
"../../../Engine/Content/Functions/Engine_MaterialFunctions01/Gradient/RadialGradient.uasset" 597
"../../../TheGame/Content/StarterContent/Particles/Materials/M_radial_ramp.uasset" 598
"../../../TheGame/Content/StarterContent/Textures/T_Smoke_SubUV.uasset" 599
"../../../TheGame/Content/StarterContent/Textures/T_Smoke_Tiled_D.uasset" 600
"../../../TheGame/Content/StarterContent/Particles/Materials/M_smoke_subUV.uasset" 601
"../../../TheGame/Content/StarterContent/Particles/P_Explosion.uasset" 602
"../../../TheGame/Content/StarterContent/Blueprints/Blueprint_Effect_Explosion.uasset" 603
"../../../Engine/Content/EditorMeshes/ColorCalibrator/T_ColorGrid.uasset" 604
"../../../TheGame/Content/StarterContent/Materials/M_ColorGrid_LowSpec.uasset" 605
"../../../TheGame/Content/StarterContent/Textures/T_Bush_D.uasset" 606
"../../../TheGame/Content/StarterContent/Textures/T_Bush_N.uasset" 607
"../../../TheGame/Content/StarterContent/Props/Materials/M_Bush.uasset" 608
"../../../TheGame/Content/StarterContent/Props/SM_Bush.uasset" 609
"../../../TheGame/Content/StarterContent/Textures/T_Chair_M.uasset" 610
"../../../TheGame/Content/StarterContent/Textures/T_Chair_N.uasset" 611
"../../../TheGame/Content/StarterContent/Props/Materials/M_Chair.uasset" 612
"../../../TheGame/Content/StarterContent/Props/SM_Couch.uasset" 613
"../../../TheGame/Content/StarterContent/Materials/M_Glass.uasset" 614
"../../../TheGame/Content/StarterContent/Textures/T_Door_M.uasset" 615
"../../../TheGame/Content/StarterContent/Textures/T_Door_N.uasset" 616
"../../../TheGame/Content/StarterContent/Props/Materials/M_Door.uasset" 617
"../../../TheGame/Content/StarterContent/Props/SM_Door.uasset" 618
"../../../TheGame/Content/StarterContent/Props/Materials/M_MaterialSphere.uasset" 619
"../../../TheGame/Content/StarterContent/Props/Materials/M_MaterialSphere_Plain.uasset" 620
"../../../TheGame/Content/StarterContent/Props/SM_MatPreviewMesh_02.uasset" 621
"../../../Engine/Content/Functions/Engine_MaterialFunctions02/Utility/BlendAngleCorrectedNormals.uasset" 622
"../../../TheGame/Content/StarterContent/Textures/T_Detail_Rocky_N.uasset" 623
"../../../TheGame/Content/StarterContent/Textures/T_Rock_Basalt_D.uasset" 624
"../../../TheGame/Content/StarterContent/Textures/T_RockMesh_M.uasset" 625
"../../../TheGame/Content/StarterContent/Textures/T_RockMesh_N.uasset" 626
"../../../TheGame/Content/StarterContent/Props/Materials/M_Rock.uasset" 627
"../../../TheGame/Content/StarterContent/Props/SM_Rock.uasset" 628
"../../../TheGame/Content/StarterContent/Textures/T_Shelf_M.uasset" 629
"../../../TheGame/Content/StarterContent/Textures/T_Shelf_N.uasset" 630
"../../../TheGame/Content/StarterContent/Props/Materials/M_Shelf.uasset" 631
"../../../TheGame/Content/StarterContent/Props/SM_Shelf.uasset" 632
"../../../TheGame/Content/StarterContent/Materials/M_Basic_Floor.uasset" 633
"../../../TheGame/Content/StarterContent/Props/SM_Stairs.uasset" 634
"../../../TheGame/Content/StarterContent/Shapes/Shape_Cone.uasset" 635
"../../../TheGame/Content/StarterContent/Shapes/Shape_Cylinder.uasset" 636
"../../../TheGame/Content/StarterContent/Shapes/Shape_NarrowCapsule.uasset" 637
"../../../TheGame/Content/StarterContent/Shapes/Shape_Pipe.uasset" 638
"../../../TheGame/Content/StarterContent/Shapes/Shape_Pipe_180.uasset" 639
"../../../TheGame/Content/StarterContent/Shapes/Shape_Pipe_90.uasset" 640
"../../../TheGame/Content/StarterContent/Shapes/Shape_Plane.uasset" 641
"../../../TheGame/Content/StarterContent/Shapes/Shape_Torus.uasset" 642
"../../../TheGame/Content/StarterContent/Shapes/Shape_Trim.uasset" 643
"../../../TheGame/Content/StarterContent/Shapes/Shape_Trim_90_In.uasset" 644
"../../../TheGame/Content/StarterContent/Shapes/Shape_Trim_90_Out.uasset" 645
"../../../TheGame/Content/StarterContent/Shapes/Shape_TriPyramid.uasset" 646
"../../../TheGame/Content/StarterContent/Shapes/Shape_Tube.uasset" 647
"../../../TheGame/Content/StarterContent/Shapes/Shape_Wedge_A.uasset" 648
"../../../TheGame/Content/StarterContent/Shapes/Shape_Wedge_B.uasset" 649
"../../../TheGame/Content/StarterContent/Shapes/Shape_WideCapsule.uasset" 650
"../../../TheGame/Content/ThirdPerson/Meshes/RampMaterial.uasset" 651
"../../../TheGame/Content/ThirdPerson/Meshes/Bump_StaticMesh.uasset" 652
"../../../TheGame/Content/ThirdPerson/Meshes/LeftArm_StaticMesh.uasset" 653
"../../../TheGame/Content/ThirdPerson/Meshes/Linear_Stair_StaticMesh.uasset" 654
"../../../TheGame/Content/ThirdPerson/Meshes/Ramp_StaticMesh.uasset" 655
"../../../TheGame/Content/ThirdPerson/Meshes/RightArm_StaticMesh.uasset" 656
"../../../Engine/Content/EngineMaterials/OrientParticle.uasset" 657
"../../../Engine/Content/EngineMaterials/DefaultParticle.uasset" 658
"../../../TheGame/Content/ThirdPersonBP/Blueprints/NewParticleSystem.uasset" 659
"../../../TheGame/Content/Mannequin/Animations/ThirdPerson_Jump.uasset" 660
"../../../TheGame/Content/Mannequin/Animations/ThirdPersonJump_Loop.uasset" 661
"../../../TheGame/Content/Mannequin/Animations/ThirdPersonJump_Start.uasset" 662
"../../../TheGame/Content/Mannequin/Animations/ThirdPersonIdle.uasset" 663
"../../../TheGame/Content/Mannequin/Animations/ThirdPersonRun.uasset" 664
"../../../TheGame/Content/Mannequin/Animations/ThirdPersonWalk.uasset" 665
"../../../TheGame/Content/Mannequin/Animations/ThirdPerson_IdleRun_2D.uasset" 666
"../../../Engine/Content/EditorBlueprintResources/StandardMacros.uasset" 667
"../../../TheGame/Content/Mannequin/Animations/ThirdPerson_AnimBP.uasset" 668
"../../../Engine/Content/Functions/MaterialLayerFunctions/MatLayerBlend_NormalBlend.uasset" 669
"../../../Engine/Content/Functions/MaterialLayerFunctions/MatLayerBlend_Simple.uasset" 670
"../../../TheGame/Content/Mannequin/Character/Materials/MaterialLayers/T_ML_Rubber_Blue_01_D.uasset" 671
"../../../TheGame/Content/Mannequin/Character/Materials/MaterialLayers/T_ML_Rubber_Blue_01_N.uasset" 672
"../../../TheGame/Content/Mannequin/Character/Materials/MaterialLayers/ML_GlossyBlack_Latex_UE4.uasset" 673
"../../../TheGame/Content/Mannequin/Character/Materials/MaterialLayers/ML_Plastic_Shiny_Beige.uasset" 674
"../../../TheGame/Content/Mannequin/Character/Textures/UE4_LOGO_CARD.uasset" 675
"../../../TheGame/Content/Mannequin/Character/Materials/MaterialLayers/ML_Plastic_Shiny_Beige_LOGO.uasset" 676
"../../../TheGame/Content/Mannequin/Character/Materials/MaterialLayers/T_ML_Aluminum01.uasset" 677
"../../../TheGame/Content/Mannequin/Character/Materials/MaterialLayers/T_ML_Aluminum01_N.uasset" 678
"../../../TheGame/Content/Mannequin/Character/Materials/MaterialLayers/ML_SoftMetal_UE4.uasset" 679
"../../../TheGame/Content/Mannequin/Character/Textures/UE4_Mannequin__normals.uasset" 680
"../../../TheGame/Content/Mannequin/Character/Textures/UE4_Mannequin_MAT_MASKA.uasset" 681
"../../../TheGame/Content/Mannequin/Character/Materials/M_UE4Man_Body.uasset" 682
"../../../TheGame/Content/Mannequin/Character/Textures/UE4Man_Logo_N.uasset" 683
"../../../TheGame/Content/Mannequin/Character/Materials/M_UE4Man_ChestLogo.uasset" 684
"../../../TheGame/Content/Mannequin/Character/Mesh/SK_Mannequin_PhysicsAsset.uasset" 685
"../../../TheGame/Content/Mannequin/Character/Mesh/SK_Mannequin.uasset" 686
"../../../TheGame/Content/ThirdPersonBP/Blueprints/Jump.uasset" 687
"../../../TheGame/Content/ThirdPersonBP/Blueprints/ThirdPersonCharacter.uasset" 688
"../../../TheGame/Content/ThirdPersonBP/Blueprints/ThirdPersonGameMode.uasset" 689
"../../../Engine/Content/EngineMaterials/DefaultMaterial.uasset" 690
"../../../Engine/Content/BasicShapes/Cone.uasset" 691
"../../../Engine/Content/BasicShapes/Cube.uasset" 692
"../../../Engine/Content/BasicShapes/Cylinder.uasset" 693
"../../../Engine/Content/BasicShapes/Plane.uasset" 694
"../../../Engine/Content/BasicShapes/Sphere.uasset" 695
"../../../Engine/Content/EditorLandscapeResources/DataLayer.uasset" 696
"../../../Engine/Content/EditorMaterials/GizmoMaterial.uasset" 697
"../../../Engine/Content/EditorMaterials/MAT_Groups_Toggle.uasset" 698
"../../../Engine/Content/EditorMaterials/MAT_Groups_Visibility.uasset" 699
"../../../Engine/Content/EditorMaterials/PreviewShadowIndicator.uasset" 700
"../../../Engine/Content/EditorMaterials/PreviewShadowIndicatorMaterial.uasset" 701
"../../../Engine/Content/EditorMaterials/AssetViewer/EpicQuadPanorama_CC+EV1.uasset" 702
"../../../Engine/Content/EditorMaterials/MatineeGroups/MAT_ColorTrack.uasset" 703
"../../../Engine/Content/EditorMaterials/MatineeGroups/MAT_Groups_Anim.uasset" 704
"../../../Engine/Content/EditorMaterials/MatineeGroups/MAT_Groups_AudioMaster.uasset" 705
"../../../Engine/Content/EditorMaterials/MatineeGroups/MAT_Groups_Director.uasset" 706
"../../../Engine/Content/EditorMaterials/MatineeGroups/MAT_Groups_Event.uasset" 707
"../../../Engine/Content/EditorMaterials/MatineeGroups/MAT_Groups_Fade.uasset" 708
"../../../Engine/Content/EditorMaterials/MatineeGroups/MAT_Groups_Float.uasset" 709
"../../../Engine/Content/EditorMaterials/MatineeGroups/MAT_Groups_Move.uasset" 710
"../../../Engine/Content/EditorMaterials/MatineeGroups/MAT_Groups_Slomo.uasset" 711
"../../../Engine/Content/EditorMaterials/MatineeGroups/MAT_Groups_Sound.uasset" 712
"../../../Engine/Content/EditorMaterials/MatineeGroups/MAT_Groups_Vector.uasset" 713
"../../../Engine/Content/EditorMaterials/ParticleSystems/PSysThumbnail_NoImage.uasset" 714
"../../../Engine/Content/EditorMaterials/ParticleSystems/PSysThumbnail_OOD.uasset" 715
"../../../Engine/Content/EditorMaterials/Camera/CineMat.uasset" 716
"../../../Engine/Content/EditorMaterials/Camera/MI_CineMat_Rig.uasset" 717
"../../../Engine/Content/EditorMeshes/Camera/SM_CraneRig_Arm.uasset" 718
"../../../Engine/Content/EditorMeshes/Camera/SM_CraneRig_Base.uasset" 719
"../../../Engine/Content/EditorMeshes/Camera/SM_CraneRig_Body.uasset" 720
"../../../Engine/Content/EditorMeshes/Camera/SM_CraneRig_Mount.uasset" 721
"../../../Engine/Content/EditorMeshes/Camera/SM_RailRig_Mount.uasset" 722
"../../../Engine/Content/EditorMeshes/Camera/SM_RailRig_Track.uasset" 723
"../../../Engine/Content/EditorResources/BSPVertex.uasset" 724
"../../../Engine/Content/EditorResources/EmptyActor.uasset" 725
"../../../Engine/Content/EditorResources/S_Actor.uasset" 726
"../../../Engine/Content/EditorResources/S_Trigger.uasset" 727
"../../../Engine/Content/EditorResources/AudioIcons/S_AudioComponent.uasset" 728
"../../../Engine/Content/EditorResources/AudioIcons/S_AudioComponent_AutoActivate.uasset" 729
"../../../Engine/Content/EditorResources/LightIcons/S_LightError.uasset" 730
"../../../Engine/Content/EditorResources/SequenceRecorder/Countdown.uasset" 731
"../../../Engine/Content/EditorResources/SequenceRecorder/RecordingIndicator.uasset" 732
"../../../Engine/Content/EditorSounds/Notifications/CompileFailed.uasset" 733
"../../../Engine/Content/EditorSounds/Notifications/CompileFailed_Cue.uasset" 734
"../../../Engine/Content/EditorSounds/Notifications/CompileSuccess.uasset" 735
"../../../Engine/Content/EditorSounds/Notifications/CompileStart_Cue.uasset" 736
"../../../Engine/Content/EditorSounds/Notifications/CompileSuccess_Cue.uasset" 737
"../../../Engine/Content/EngineDamageTypes/DmgTypeBP_Environmental.uasset" 738
"../../../Engine/Content/EngineDebugMaterials/HeatmapGradient.uasset" 739
"../../../Engine/Content/EngineDebugMaterials/BoneWeightMaterial.uasset" 740
"../../../Engine/Content/EngineDebugMaterials/ClothMaterial.uasset" 741
"../../../Engine/Content/EngineDebugMaterials/DebugMeshMaterial.uasset" 742
"../../../Engine/Content/EngineDebugMaterials/GeomMaterial.uasset" 743
"../../../Engine/Content/EngineFonts/Faces/RobotoBold.uasset" 744
"../../../Engine/Content/EngineFonts/Faces/RobotoBoldItalic.uasset" 745
"../../../Engine/Content/EngineFonts/Faces/RobotoItalic.uasset" 746
"../../../Engine/Content/EngineFonts/Faces/RobotoLight.uasset" 747
"../../../Engine/Content/EngineFonts/Faces/RobotoRegular.uasset" 748
"../../../Engine/Content/EngineFonts/Roboto.uasset" 749
"../../../Engine/Content/EngineFonts/Faces/RobotoTiny.uasset" 750
"../../../Engine/Content/EngineFonts/RobotoTiny.uasset" 751
"../../../Engine/Content/EngineMaterials/DefaultBloomKernel.uasset" 752
"../../../Engine/Content/EngineMaterials/DefaultBokeh.uasset" 753
"../../../Engine/Content/EngineMaterials/DefaultDiffuse.uasset" 754
"../../../Engine/Content/EngineMaterials/DefaultDeferredDecalMaterial.uasset" 755
"../../../Engine/Content/EngineMaterials/DefaultLightFunctionMaterial.uasset" 756
"../../../Engine/Content/Functions/Engine_MaterialFunctions02/Utility/BreakOutFloat2Components.uasset" 757
"../../../Engine/Content/EngineMaterials/DefaultPostProcessMaterial.uasset" 758
"../../../Engine/Content/EngineFonts/RobotoDistanceField.uasset" 759
"../../../Engine/Content/EngineMaterials/DefaultTextMaterialOpaque.uasset" 760
"../../../Engine/Content/EngineMaterials/DefaultWhiteGrid.uasset" 761
"../../../Engine/Content/EngineMaterials/EditorBrushMaterial.uasset" 762
"../../../Engine/Content/EngineMaterials/Good64x64TilingNoiseHighFreq.uasset" 763
"../../../Engine/Content/EngineMaterials/MiniFont.uasset" 764
"../../../Engine/Content/EngineMaterials/InvalidLightmapSettings.uasset" 765
"../../../Engine/Content/EngineMaterials/M_InvalidLightmapSettings.uasset" 766
"../../../Engine/Content/EngineMaterials/PhAT_JointLimitMaterial.uasset" 767
"../../../Engine/Content/EngineMaterials/PreintegratedSkinBRDF.uasset" 768
"../../../Engine/Content/EngineMaterials/RemoveSurfaceMaterial.uasset" 769
"../../../Engine/Content/EngineMaterials/WeightMapPlaceholderTexture.uasset" 770
"../../../Engine/Content/EngineResources/WhiteSquareTexture.uasset" 771
"../../../Engine/Content/EngineMaterials/Widget3DPassThrough.uasset" 772
"../../../Engine/Content/EngineMaterials/Widget3DPassThrough_Masked.uasset" 773
"../../../Engine/Content/EngineMaterials/Widget3DPassThrough_Opaque.uasset" 774
"../../../Engine/Content/EngineMaterials/Widget3DPassThrough_Masked_OneSided.uasset" 775
"../../../Engine/Content/EngineMaterials/Widget3DPassThrough_Opaque_OneSided.uasset" 776
"../../../Engine/Content/EngineMaterials/Widget3DPassThrough_Translucent.uasset" 777
"../../../Engine/Content/EngineMaterials/Widget3DPassThrough_Translucent_OneSided.uasset" 778
"../../../Engine/Content/EngineMeshes/Cube.uasset" 779
"../../../Engine/Content/EngineMeshes/Cylinder.uasset" 780
"../../../Engine/Content/EngineMeshes/Sphere.uasset" 781
"../../../Engine/Content/EngineResources/Black.uasset" 782
"../../../Engine/Content/EngineResources/DefaultTexture.uasset" 783
"../../../Engine/Content/EngineResources/DefaultTextureCube.uasset" 784
"../../../Engine/Content/EngineResources/GradientTexture0.uasset" 785
"../../../Engine/Content/EngineSounds/Master.uasset" 786
"../../../Engine/Content/Functions/Engine_MaterialFunctions01/Shading/ConvertFromDiffSpec.uasset" 787
"../../../Engine/Content/Functions/Engine_MaterialFunctions01/Shading/PowerToRoughness.uasset" 788
"../../../Engine/Content/Maps/Templates/Thumbnails/Default.uasset" 789
"../../../Engine/Content/Maps/Templates/Thumbnails/VR-Basic.uasset" 790
"../../../Engine/Content/MobileResources/T_MobileControls_texture.uasset" 791
"../../../Engine/Content/MobileResources/T_MobileMenu2.uasset" 792
"../../../Engine/Content/MobileResources/HUD/AnalogHat.uasset" 793
"../../../Engine/Content/MobileResources/HUD/VirtualJoystick_Background.uasset" 794
"../../../Engine/Content/MobileResources/HUD/VirtualJoystick_Thumb.uasset" 795
"../../../Engine/Content/MobileResources/HUD/DefaultVirtualJoysticks.uasset" 796
"../../../Engine/Content/MobileResources/HUD/LeftVirtualJoystickOnly.uasset" 797
"../../../Engine/Content/MobileResources/HUD/MobileHUDButton1_off.uasset" 798
"../../../Engine/Content/MobileResources/HUD/MobileHUDButton1_on.uasset" 799
"../../../Engine/Content/MobileResources/HUD/MobileHUDButton2_off.uasset" 800
"../../../Engine/Content/MobileResources/HUD/MobileHUDButton2_on.uasset" 801
"../../../Engine/Content/MobileResources/HUD/MobileHUDButton3.uasset" 802
"../../../Engine/Content/MobileResources/HUD/MobileHUDButtonFire.uasset" 803
"../../../Engine/Content/MobileResources/HUD/MobileHUDDirectionPad.uasset" 804
"../../../Engine/Content/MobileResources/HUD/MobileHUDDirectionPad2.uasset" 805
"../../../Engine/Content/MobileResources/HUD/MobileHUDDirectionPad3.uasset" 806
"../../../Engine/Content/MobileResources/HUD/MobileHUDDirectionStick.uasset" 807
"../../../Engine/Content/MobileResources/HUD/T_Castle_ThumbstickInner.uasset" 808
"../../../Engine/Content/MobileResources/HUD/T_Castle_ThumbstickOutter.uasset" 809
"../../../Engine/Content/Tutorial/ContentIntroCurve.uasset" 810
"../../../Engine/Content/Tutorial/Basics/TutorialAssets/icon_tab_Levels_40x.uasset" 811
"../../../Engine/Content/Tutorial/BlueprintTutorials/TutorialAssets/BlueprintInterface_64x.uasset" 812
"../../../Engine/Content/Tutorial/BlueprintTutorials/TutorialAssets/BlueprintMacroLibrary_64x.uasset" 813
"../../../Engine/Content/Tutorial/BlueprintTutorials/TutorialAssets/Blueprint_64x.uasset" 814
"../../../Engine/Content/Tutorial/BlueprintTutorials/TutorialAssets/Tutorial_BP_Interface.uasset" 815
"../../../Engine/Content/Tutorial/Foliage/TutorialAssets/Foliage.uasset" 816
"../../../Engine/Content/Tutorial/Landscape/TutorialAssets/Landscape.uasset" 817
"../../../Engine/Content/Tutorial/Mobile/TutorialAssets/android_Icon.uasset" 818
"../../../Engine/Content/Tutorial/Paper2D/TutorialAssets/Paper2DFlipbook_TutorialIcon.uasset" 819
"../../../Engine/Content/Tutorial/Paper2D/TutorialAssets/Paper2DSprite_TutorialIcon.uasset" 820
"../../../Engine/Content/Tutorial/SubEditors/TutorialAssets/icon_Editor_Preferences_General_40x.uasset" 821
"../../../Engine/Content/Tutorial/SubEditors/TutorialAssets/icon_ShowSkeletalMeshes_40x.uasset" 822
"../../../Engine/Content/Tutorial/SubEditors/TutorialAssets/TutorialMaterial.uasset" 823
"../../../Engine/Content/Tutorial/SubEditors/TutorialAssets/T_SmokeSubUV_8X8.uasset" 824
"../../../Engine/Content/Tutorial/SubEditors/TutorialAssets/T_soft_smoke.uasset" 825
"../../../Engine/Content/Tutorial/SubEditors/TutorialAssets/M_smoke_subUV_blackbody.uasset" 826
"../../../Engine/Content/Tutorial/SubEditors/TutorialAssets/TutorialParticleSystem.uasset" 827
"../../../Engine/Content/EditorMeshes/EditorCube.uasset" 828
"../../../Engine/Content/Tutorial/SubEditors/TutorialAssets/Tutorial_DM.uasset" 829
"../../../Engine/Content/VREditor/Devices/Generic/GenericHMDMaterial.uasset" 830
"../../../Engine/Content/VREditor/Devices/Generic/GenericHMD.uasset" 831
"../../../Engine/Content/VREditor/FloatingText/LineMaterial.uasset" 832
"../../../Engine/Content/VREditor/FloatingText/JointSphere.uasset" 833
"../../../Engine/Content/VREditor/FloatingText/LineSegmentCylinder.uasset" 834
"../../../Engine/Content/VREditor/Fonts/VRText_RobotoLarge.uasset" 835
"../../../Engine/Content/VREditor/Fonts/VRTextMaterial.uasset" 836
"../../../Engine/Content/VREditor/Fonts/TranslucentVRTextMaterial.uasset" 837
"../../../Engine/Content/VREditor/LaserPointer/VR_LaserPower_01.uasset" 838
"../../../Engine/Content/VREditor/TransformGizmo/TransformGizmoMaterial.uasset" 839
"../../../Engine/Content/VREditor/LaserPointer/HoverMaterial.uasset" 840
"../../../Engine/Content/VREditor/TransformGizmo/TranslucentTransformGizmoMaterial.uasset" 841
"../../../Engine/Content/VREditor/LaserPointer/TranslucentHoverMaterial.uasset" 842
"../../../Engine/Content/VREditor/LaserPointer/HoverMesh.uasset" 843
"../../../Engine/Content/VREditor/LaserPointer/LaserPointerMaterial.uasset" 844
"../../../Engine/Content/VREditor/LaserPointer/LaserPointerMaterialInst.uasset" 845
"../../../Engine/Content/VREditor/LaserPointer/TranslucentLaserPointerMaterialInst.uasset" 846
"../../../Engine/Content/VREditor/LaserPointer/LaserPointerMesh.uasset" 847
"../../../Engine/Content/VREditor/LaserPointer/LaserPointerMesh_End.uasset" 848
"../../../Engine/Content/VREditor/LaserPointer/LaserPointerMesh_Start.uasset" 849
"../../../Engine/Content/Functions/Engine_MaterialFunctions02/Utility/BreakOutFloat3Components.uasset" 850
"../../../Engine/Content/Functions/Engine_MaterialFunctions02/Math/Transform3x3Matrix.uasset" 851
"../../../Engine/Content/Functions/Engine_MaterialFunctions02/SplitComponents.uasset" 852
"../../../Engine/Content/Functions/Engine_MaterialFunctions02/Utility/MakeFloat3.uasset" 853
"../../../Engine/Content/VREditor/SnapGrid/SnapGridMaterial.uasset" 854
"../../../Engine/Content/VREditor/SnapGrid/SnapGridPlaneMesh.uasset" 855
"../../../Engine/Content/VREditor/Sounds/VR_teleport_Cue.uasset" 856
"../../../Engine/Content/VREditor/Sounds/UI/Click_on_Button_Cue.uasset" 857
"../../../Engine/Content/VREditor/Sounds/UI/Dockable_Window_Close.uasset" 858
"../../../Engine/Content/VREditor/Sounds/UI/Dockable_Window_Drop.uasset" 859
"../../../Engine/Content/VREditor/Sounds/UI/Dockable_Window_Open.uasset" 860
"../../../Engine/Content/VREditor/Sounds/UI/Dockable_Window_Pick_Up.uasset" 861
"../../../Engine/Content/VREditor/Sounds/UI/Drop_Item_From_ContentBrowser.uasset" 862
"../../../Engine/Content/VREditor/Sounds/UI/Floating_UI_Open-001.uasset" 863
"../../../Engine/Content/VREditor/Sounds/UI/Gizmo_Handle_Clicked.uasset" 864
"../../../Engine/Content/VREditor/Sounds/UI/Object_PickUp.uasset" 865
"../../../Engine/Content/VREditor/Sounds/UI/Object_Snaps_To_Another_Actor.uasset" 866
"../../../Engine/Content/VREditor/Sounds/UI/Object_Snaps_To_Grid.uasset" 867
"../../../Engine/Content/VREditor/Sounds/UI/Radial_Menu_FadeOut.uasset" 868
"../../../Engine/Content/VREditor/Sounds/UI/Scaling_Down.uasset" 869
"../../../Engine/Content/VREditor/Sounds/UI/Scaling_Up.uasset" 870
"../../../Engine/Content/VREditor/Sounds/UI/Selection_Changes.uasset" 871
"../../../Engine/Content/VREditor/Sounds/UI/Teleport_Mode_Entered.uasset" 872
"../../../Engine/Content/VREditor/Teleport/TeleportDirectionMaterial.uasset" 873
"../../../Engine/Content/VREditor/Teleport/TeleportDirectionMaterial_Inst.uasset" 874
"../../../Engine/Content/VREditor/Teleport/TeleportDirectionMesh.uasset" 875
"../../../Engine/Content/VREditor/TransformGizmo/BoundingBoxCorner.uasset" 876
"../../../Engine/Content/VREditor/TransformGizmo/BoundingBoxEdge.uasset" 877
"../../../Engine/Content/VREditor/TransformGizmo/PlaneTranslationHandle.uasset" 878
"../../../Engine/Content/VREditor/TransformGizmo/RotationHandle.uasset" 879
"../../../Engine/Content/VREditor/TransformGizmo/RotationHandleFull.uasset" 880
"../../../Engine/Content/VREditor/TransformGizmo/RotationHandleIndicator.uasset" 881
"../../../Engine/Content/VREditor/TransformGizmo/RotationHandleQuarter.uasset" 882
"../../../Engine/Content/VREditor/TransformGizmo/Main.uasset" 883
"../../../Engine/Content/VREditor/TransformGizmo/Xray.uasset" 884
"../../../Engine/Content/VREditor/TransformGizmo/SM_Dialog_Close.uasset" 885
"../../../Engine/Content/VREditor/TransformGizmo/SM_Dialog_Move.uasset" 886
"../../../Engine/Content/VREditor/TransformGizmo/SM_Sequencer_Key.uasset" 887
"../../../Engine/Content/VREditor/TransformGizmo/StartRotationHandleIndicator.uasset" 888
"../../../Engine/Content/VREditor/TransformGizmo/TransformGizmoMaterial_Inst.uasset" 889
"../../../Engine/Content/VREditor/TransformGizmo/TranslateArrowHandle.uasset" 890
"../../../Engine/Content/VREditor/TransformGizmo/TranslationHandle.uasset" 891
"../../../Engine/Content/VREditor/TransformGizmo/TranslucentTransformGizmoMaterial_Inst.uasset" 892
"../../../Engine/Content/VREditor/TransformGizmo/UniformScaleHandle.uasset" 893
"../../../Engine/Content/VREditor/UI/KeyDiskMaterial.uasset" 894
"../../../Engine/Content/VREditor/UI/DiscMaterial.uasset" 895
"../../../Engine/Content/VREditor/UI/SM_Radial_Disk.uasset" 896
"../../../Engine/Content/VREditor/WorldMovementGrid/SimpleGrid.uasset" 897
"../../../Engine/Content/VREditor/WorldMovementGrid/GridMaterial.uasset" 898
"../../../Engine/Content/Functions/Engine_MaterialFunctions01/Density/ExponentialDensity.uasset" 899
"../../../Engine/Content/VREditor/WorldMovementGrid/GridPostProcess.uasset" 900
"../../../Engine/Content/EditorLandscapeResources/FlattenHeightMat.uasset" 901
"../../../Engine/Content/VREditor/WorldMovementGrid/PlaneMesh.uasset" 902
"../../../Engine/Plugins/2D/Paper2D/Content/DummySprite.uasset" 903
"../../../Engine/Plugins/2D/Paper2D/Content/DefaultPaperTerrainMaterial.uasset" 904
"../../../Engine/Plugins/2D/Paper2D/Content/DefaultSpriteMaterial.uasset" 905
"../../../Engine/Plugins/2D/Paper2D/Content/MaskedUnlitSpriteMaterial.uasset" 906
"../../../Engine/Plugins/2D/Paper2D/Content/OpaqueUnlitSpriteMaterial.uasset" 907
"../../../Engine/Plugins/2D/Paper2D/Content/PlaceholderTextures/DummySpriteTexture.uasset" 908
"../../../Engine/Plugins/Runtime/GearVR/Content/Textures/GearVRController_AO.uasset" 909
"../../../Engine/Plugins/Runtime/GearVR/Content/Textures/GearVRController_Color.uasset" 910
"../../../Engine/Plugins/Runtime/GearVR/Content/Textures/GearVRController_Normal.uasset" 911
"../../../Engine/Plugins/Runtime/GearVR/Content/Materials/GearVRControllerMaterial.uasset" 912
"../../../Engine/Plugins/Runtime/GearVR/Content/Meshes/GearVrController.uasset" 913
"../../../TheGame/Content/StarterContent/Blueprints/Assets/FogBrightnessLUT.uasset" 914
"../../../TheGame/Content/StarterContent/Blueprints/Assets/SunlightColorLUT.uasset" 915
"../../../TheGame/Content/StarterContent/Blueprints/Assets/M_LightStage_Arrows.uasset" 916
"../../../Engine/Content/MapTemplates/Sky/DaylightAmbientCubemap.uasset" 917
"../../../TheGame/Content/StarterContent/Blueprints/Assets/M_LightStage_Skybox_Master.uasset" 918
"../../../TheGame/Content/StarterContent/Blueprints/Assets/M_LightStage_Skybox_Black.uasset" 919
"../../../TheGame/Content/StarterContent/Blueprints/Assets/M_LightStage_Skybox_HDRI.uasset" 920
"../../../Engine/Content/EditorMaterials/Thumbnails/SkySphereMaterial.uasset" 921
"../../../TheGame/Content/StarterContent/Blueprints/Assets/Skybox.uasset" 922
"../../../TheGame/Content/StarterContent/Blueprints/Assets/SM_Arrows.uasset" 923
"../../../TheGame/Content/StarterContent/HDRI/HDRI_Epic_Courtyard_Daylight.uasset" 924
"../../../TheGame/Content/StarterContent/Blueprints/BP_LightStudio.uasset" 925
"../../../TheGame/Content/StarterContent/Maps/Advanced_Lighting_BuiltData.uasset" 926
"../../../TheGame/Content/StarterContent/Materials/M_AssetPlatform.uasset" 927
"../../../Engine/Content/EditorMeshes/ColorCalibrator/M_ChromeBall.uasset" 928
"../../../Engine/Content/EditorMeshes/ColorCalibrator/M_ClearCoat.uasset" 929
"../../../Engine/Content/EditorMeshes/ColorCalibrator/M_ClearCoatBlack.uasset" 930
"../../../Engine/Content/EditorMeshes/ColorCalibrator/M_ColorGrid.uasset" 931
"../../../Engine/Content/EditorMeshes/ColorCalibrator/M_GreyBall.uasset" 932
"../../../Engine/Content/EditorMeshes/ColorCalibrator/SM_ColorCalibrator.uasset" 933
"../../../TheGame/Content/StarterContent/Architecture/SM_AssetPlatform.uasset" 934
"../../../TheGame/Content/StarterContent/Maps/Advanced_Lighting.umap" 935
"../../../Engine/Content/EngineSky/C_Sky_Cloud_Color.uasset" 936
"../../../Engine/Content/EngineSky/C_Sky_Horizon_Color.uasset" 937
"../../../Engine/Content/EngineSky/C_Sky_Zenith_Color.uasset" 938
"../../../Engine/Content/EngineSky/T_Sky_Blue.uasset" 939
"../../../Engine/Content/EngineSky/T_Sky_Clouds_M.uasset" 940
"../../../Engine/Content/EngineSky/T_Sky_Stars.uasset" 941
"../../../Engine/Content/EngineSky/M_Sky_Panning_Clouds2.uasset" 942
"../../../Engine/Content/EngineSky/SM_SkySphere.uasset" 943
"../../../Engine/Content/EngineSky/BP_Sky_Sphere.uasset" 944
"../../../TheGame/Content/StarterContent/Maps/Minimal_Default_BuiltData.uasset" 945
"../../../TheGame/Content/StarterContent/Textures/T_MacroVariation.uasset" 946
"../../../TheGame/Content/StarterContent/Materials/M_Metal_Brushed_Nickel.uasset" 947
"../../../TheGame/Content/StarterContent/Textures/T_Metal_Aluminum_D.uasset" 948
"../../../TheGame/Content/StarterContent/Textures/T_Metal_Gold_N.uasset" 949
"../../../TheGame/Content/StarterContent/Materials/M_Metal_Burnished_Steel.uasset" 950
"../../../TheGame/Content/StarterContent/Textures/T_Metal_Copper_D.uasset" 951
"../../../TheGame/Content/StarterContent/Materials/M_Metal_Copper.uasset" 952
"../../../TheGame/Content/StarterContent/Textures/T_Statue_M.uasset" 953
"../../../TheGame/Content/StarterContent/Textures/T_Statue_N.uasset" 954
"../../../TheGame/Content/StarterContent/Props/Materials/M_StatueGlass.uasset" 955
"../../../TheGame/Content/StarterContent/Architecture/Floor_400x400.uasset" 956
"../../../TheGame/Content/StarterContent/Audio/Starter_Background_Cue.uasset" 957
"../../../TheGame/Content/StarterContent/Props/SM_Chair.uasset" 958
"../../../TheGame/Content/StarterContent/Props/Materials/M_Statue.uasset" 959
"../../../TheGame/Content/StarterContent/Props/SM_Statue.uasset" 960
"../../../TheGame/Content/StarterContent/Textures/T_TableRound_M.uasset" 961
"../../../TheGame/Content/StarterContent/Textures/T_TableRound_N.uasset" 962
"../../../TheGame/Content/StarterContent/Props/Materials/M_TableRound.uasset" 963
"../../../TheGame/Content/StarterContent/Props/SM_TableRound.uasset" 964
"../../../TheGame/Content/StarterContent/Maps/Minimal_Default.umap" 965
"../../../TheGame/Content/StarterContent/Audio/Fire01_Cue.uasset" 966
"../../../TheGame/Content/StarterContent/Textures/T_Fire_SubUV.uasset" 967
"../../../TheGame/Content/StarterContent/Textures/T_Fire_Tiled_D.uasset" 968
"../../../TheGame/Content/StarterContent/Particles/Materials/M_Fire_SubUV.uasset" 969
"../../../TheGame/Content/StarterContent/Textures/T_Water_N.uasset" 970
"../../../TheGame/Content/StarterContent/Particles/Materials/M_Heat_Distortion.uasset" 971
"../../../TheGame/Content/StarterContent/Particles/Materials/M_Radial_Gradient.uasset" 972
"../../../TheGame/Content/StarterContent/Particles/P_Fire.uasset" 973
"../../../TheGame/Content/StarterContent/Blueprints/Blueprint_Effect_Fire.uasset" 974
"../../../TheGame/Content/StarterContent/Audio/Smoke01_Cue.uasset" 975
"../../../TheGame/Content/StarterContent/Particles/P_Smoke.uasset" 976
"../../../TheGame/Content/StarterContent/Blueprints/Blueprint_Effect_Smoke.uasset" 977
"../../../TheGame/Content/StarterContent/Audio/Fire_Sparks01_Cue.uasset" 978
"../../../TheGame/Content/StarterContent/Textures/T_Spark_Core.uasset" 979
"../../../TheGame/Content/StarterContent/Particles/Materials/M_Spark.uasset" 980
"../../../TheGame/Content/StarterContent/Particles/P_Sparks.uasset" 981
"../../../TheGame/Content/StarterContent/Blueprints/Blueprint_Effect_Sparks.uasset" 982
"../../../TheGame/Content/StarterContent/Audio/Steam01_Cue.uasset" 983
"../../../TheGame/Content/StarterContent/Particles/P_Steam_Lit.uasset" 984
"../../../TheGame/Content/StarterContent/Blueprints/Blueprint_Effect_Steam.uasset" 985
"../../../TheGame/Content/StarterContent/Textures/T_Lamp_M.uasset" 986
"../../../TheGame/Content/StarterContent/Textures/T_Lamp_N.uasset" 987
"../../../TheGame/Content/StarterContent/Props/Materials/M_Lamp.uasset" 988
"../../../TheGame/Content/StarterContent/Props/SM_Lamp_Ceiling.uasset" 989
"../../../TheGame/Content/StarterContent/Blueprints/Blueprint_CeilingLight.uasset" 990
"../../../TheGame/Content/StarterContent/Props/SM_Lamp_Wall.uasset" 991
"../../../TheGame/Content/StarterContent/Blueprints/Blueprint_WallSconce.uasset" 992
"../../../TheGame/Content/StarterContent/Maps/StarterMap_BuiltData.uasset" 993
"../../../Engine/Content/Functions/Engine_MaterialFunctions03/Procedurals/ComputeFilterWidth.uasset" 994
"../../../Engine/Content/EngineMaterials/AntiAliasedTextMaterialTranslucent.uasset" 995
"../../../TheGame/Content/StarterContent/Textures/T_Brick_Clay_Beveled_D.uasset" 996
"../../../TheGame/Content/StarterContent/Textures/T_Brick_Clay_Beveled_M.uasset" 997
"../../../TheGame/Content/StarterContent/Textures/T_Brick_Clay_Beveled_N.uasset" 998
"../../../TheGame/Content/StarterContent/Materials/M_Brick_Clay_Beveled.uasset" 999
"../../../TheGame/Content/StarterContent/Textures/T_Brick_Clay_New_D.uasset" 1000
"../../../TheGame/Content/StarterContent/Textures/T_Brick_Clay_New_M.uasset" 1001
"../../../TheGame/Content/StarterContent/Textures/T_Brick_Clay_New_N.uasset" 1002
"../../../TheGame/Content/StarterContent/Materials/M_Brick_Clay_New.uasset" 1003
"../../../TheGame/Content/StarterContent/Textures/T_Brick_Clay_Old_D.uasset" 1004
"../../../TheGame/Content/StarterContent/Textures/T_Brick_Clay_Old_N.uasset" 1005
"../../../TheGame/Content/StarterContent/Textures/T_Perlin_Noise_M.uasset" 1006
"../../../TheGame/Content/StarterContent/Materials/M_Brick_Clay_Old.uasset" 1007
"../../../TheGame/Content/StarterContent/Textures/T_Brick_Cut_Stone_D.uasset" 1008
"../../../TheGame/Content/StarterContent/Textures/T_Brick_Cut_Stone_N.uasset" 1009
"../../../TheGame/Content/StarterContent/Materials/M_Brick_Cut_Stone.uasset" 1010
"../../../TheGame/Content/StarterContent/Textures/T_Brick_Hewn_Stone_D.uasset" 1011
"../../../TheGame/Content/StarterContent/Textures/T_Brick_Hewn_Stone_M.uasset" 1012
"../../../TheGame/Content/StarterContent/Textures/T_Brick_Hewn_Stone_N.uasset" 1013
"../../../TheGame/Content/StarterContent/Materials/M_Brick_Hewn_Stone.uasset" 1014
"../../../TheGame/Content/StarterContent/Textures/T_Ceramic_Tile_M.uasset" 1015
"../../../TheGame/Content/StarterContent/Textures/T_Ceramic_Tile_N.uasset" 1016
"../../../TheGame/Content/StarterContent/Textures/T_Rock_Marble_Polished_D.uasset" 1017
"../../../TheGame/Content/StarterContent/Materials/M_Ceramic_Tile_Checker.uasset" 1018
"../../../TheGame/Content/StarterContent/Textures/T_CobbleStone_Pebble_D.uasset" 1019
"../../../TheGame/Content/StarterContent/Textures/T_CobbleStone_Pebble_M.uasset" 1020
"../../../TheGame/Content/StarterContent/Textures/T_CobbleStone_Pebble_N.uasset" 1021
"../../../TheGame/Content/StarterContent/Materials/M_CobbleStone_Pebble.uasset" 1022
"../../../TheGame/Content/StarterContent/Textures/T_CobbleStone_Rough_D.uasset" 1023
"../../../TheGame/Content/StarterContent/Textures/T_CobbleStone_Rough_N.uasset" 1024
"../../../TheGame/Content/StarterContent/Textures/T_Gradinet_01.uasset" 1025
"../../../TheGame/Content/StarterContent/Textures/T_Rock_Smooth_Granite_D.uasset" 1026
"../../../TheGame/Content/StarterContent/Materials/M_CobbleStone_Rough.uasset" 1027
"../../../TheGame/Content/StarterContent/Textures/T_CobbleStone_Smooth_D.uasset" 1028
"../../../TheGame/Content/StarterContent/Textures/T_CobbleStone_Smooth_M.uasset" 1029
"../../../TheGame/Content/StarterContent/Textures/T_CobbleStone_Smooth_N.uasset" 1030
"../../../TheGame/Content/StarterContent/Materials/M_CobbleStone_Smooth.uasset" 1031
"../../../TheGame/Content/StarterContent/Textures/T_Concrete_Grime_D.uasset" 1032
"../../../TheGame/Content/StarterContent/Textures/T_Metal_Rust_N.uasset" 1033
"../../../TheGame/Content/StarterContent/Materials/M_Concrete_Grime.uasset" 1034
"../../../TheGame/Content/StarterContent/Textures/T_Concrete_Panels_D.uasset" 1035
"../../../TheGame/Content/StarterContent/Textures/T_Concrete_Panels_N.uasset" 1036
"../../../TheGame/Content/StarterContent/Materials/M_Concrete_Panels.uasset" 1037
"../../../TheGame/Content/StarterContent/Textures/T_Concrete_Poured_D.uasset" 1038
"../../../TheGame/Content/StarterContent/Textures/T_Concrete_Poured_N.uasset" 1039
"../../../TheGame/Content/StarterContent/Materials/M_Concrete_Poured.uasset" 1040
"../../../TheGame/Content/StarterContent/Textures/T_Concrete_Tiles_D.uasset" 1041
"../../../TheGame/Content/StarterContent/Textures/T_Concrete_Tiles_M.uasset" 1042
"../../../TheGame/Content/StarterContent/Textures/T_Concrete_Tiles_N.uasset" 1043
"../../../TheGame/Content/StarterContent/Textures/T_Concrete_Tiles_Variation_M.uasset" 1044
"../../../TheGame/Content/StarterContent/Materials/M_Concrete_Tiles.uasset" 1045
"../../../TheGame/Content/StarterContent/Textures/T_Ground_Grass_D.uasset" 1046
"../../../TheGame/Content/StarterContent/Textures/T_Ground_Grass_N.uasset" 1047
"../../../TheGame/Content/StarterContent/Materials/M_Ground_Grass.uasset" 1048
"../../../TheGame/Content/StarterContent/Textures/T_Ground_Gravel_D.uasset" 1049
"../../../TheGame/Content/StarterContent/Textures/T_Ground_Gravel_N.uasset" 1050
"../../../TheGame/Content/StarterContent/Materials/M_Ground_Gravel.uasset" 1051
"../../../TheGame/Content/StarterContent/Textures/T_ground_Moss_D.uasset" 1052
"../../../TheGame/Content/StarterContent/Textures/T_Ground_Moss_N.uasset" 1053
"../../../TheGame/Content/StarterContent/Materials/M_Ground_Moss.uasset" 1054
"../../../TheGame/Content/StarterContent/Materials/M_Metal_Chrome.uasset" 1055
"../../../TheGame/Content/StarterContent/Textures/T_Metal_Gold_D.uasset" 1056
"../../../TheGame/Content/StarterContent/Materials/M_Metal_Gold.uasset" 1057
"../../../TheGame/Content/StarterContent/Textures/T_Metal_Rust_D.uasset" 1058
"../../../TheGame/Content/StarterContent/Materials/M_Metal_Rust.uasset" 1059
"../../../TheGame/Content/StarterContent/Textures/T_Metal_Steel_D.uasset" 1060
"../../../TheGame/Content/StarterContent/Textures/T_Metal_Steel_N.uasset" 1061
"../../../TheGame/Content/StarterContent/Materials/M_Metal_Steel.uasset" 1062
"../../../TheGame/Content/StarterContent/Textures/T_Rock_Basalt_N.uasset" 1063
"../../../TheGame/Content/StarterContent/Materials/M_Rock_Basalt.uasset" 1064
"../../../TheGame/Content/StarterContent/Materials/M_Rock_Marble_Polished.uasset" 1065
"../../../TheGame/Content/StarterContent/Textures/T_Rock_Sandstone_D.uasset" 1066
"../../../TheGame/Content/StarterContent/Textures/T_Rock_Sandstone_N.uasset" 1067
"../../../TheGame/Content/StarterContent/Materials/M_Rock_Sandstone.uasset" 1068
"../../../TheGame/Content/StarterContent/Textures/T_Rock_Slate_D.uasset" 1069
"../../../TheGame/Content/StarterContent/Textures/T_Rock_Slate_N.uasset" 1070
"../../../TheGame/Content/StarterContent/Materials/M_Rock_Slate.uasset" 1071
"../../../TheGame/Content/StarterContent/Textures/T_Checker_Noise_M.uasset" 1072
"../../../TheGame/Content/StarterContent/Textures/T_Single_Tile_N.uasset" 1073
"../../../TheGame/Content/StarterContent/Textures/T_Tech_Dot_M.uasset" 1074
"../../../TheGame/Content/StarterContent/Textures/T_Tech_Dot_N.uasset" 1075
"../../../TheGame/Content/StarterContent/Materials/M_Tech_Checker_Dot.uasset" 1076
"../../../TheGame/Content/StarterContent/Textures/T_Tech_Hex_Tile_M.uasset" 1077
"../../../TheGame/Content/StarterContent/Textures/T_Tech_Hex_Tile_N.uasset" 1078
"../../../TheGame/Content/StarterContent/Materials/M_Tech_Hex_Tile.uasset" 1079
"../../../TheGame/Content/StarterContent/Materials/M_Tech_Hex_Tile_Pulse.uasset" 1080
"../../../TheGame/Content/StarterContent/Textures/T_Tech_Panel_M.uasset" 1081
"../../../TheGame/Content/StarterContent/Textures/T_Tech_Panel_N.uasset" 1082
"../../../TheGame/Content/StarterContent/Materials/M_Tech_Panel.uasset" 1083
"../../../TheGame/Content/StarterContent/Materials/M_Water_Lake.uasset" 1084
"../../../TheGame/Content/StarterContent/Textures/T_Water_M.uasset" 1085
"../../../TheGame/Content/StarterContent/Materials/M_Water_Ocean.uasset" 1086
"../../../TheGame/Content/StarterContent/Textures/T_Wood_Floor_Walnut_D.uasset" 1087
"../../../TheGame/Content/StarterContent/Textures/T_Wood_Floor_Walnut_M.uasset" 1088
"../../../TheGame/Content/StarterContent/Textures/T_Wood_Floor_Walnut_N.uasset" 1089
"../../../TheGame/Content/StarterContent/Materials/M_Wood_Floor_Walnut_Polished.uasset" 1090
"../../../Engine/Content/Functions/Engine_MaterialFunctions01/Opacity/AlphaOffset.uasset" 1091
"../../../TheGame/Content/StarterContent/Materials/M_Wood_Floor_Walnut_Worn.uasset" 1092
"../../../TheGame/Content/StarterContent/Textures/T_Wood_Oak_D.uasset" 1093
"../../../TheGame/Content/StarterContent/Textures/T_Wood_Oak_N.uasset" 1094
"../../../TheGame/Content/StarterContent/Materials/M_Wood_Oak.uasset" 1095
"../../../TheGame/Content/StarterContent/Textures/T_Wood_Pine_D.uasset" 1096
"../../../TheGame/Content/StarterContent/Textures/T_Wood_Pine_N.uasset" 1097
"../../../TheGame/Content/StarterContent/Materials/M_Wood_Pine.uasset" 1098
"../../../TheGame/Content/StarterContent/Textures/T_Wood_Walnut_D.uasset" 1099
"../../../TheGame/Content/StarterContent/Textures/T_Wood_Walnut_N.uasset" 1100
"../../../TheGame/Content/StarterContent/Materials/M_Wood_Walnut.uasset" 1101
"../../../TheGame/Content/StarterContent/Architecture/Wall_400x200.uasset" 1102
"../../../TheGame/Content/StarterContent/Architecture/Wall_Door_400x300.uasset" 1103
"../../../TheGame/Content/StarterContent/Architecture/Wall_Window_400x300.uasset" 1104
"../../../TheGame/Content/StarterContent/Audio/Collapse_Cue.uasset" 1105
"../../../TheGame/Content/StarterContent/Audio/Starter_Music_Cue.uasset" 1106
"../../../TheGame/Content/StarterContent/Textures/T_Dust_Particle_D.uasset" 1107
"../../../TheGame/Content/StarterContent/Particles/Materials/M_Dust_Particle.uasset" 1108
"../../../TheGame/Content/StarterContent/Particles/P_Ambient_Dust.uasset" 1109
"../../../TheGame/Content/StarterContent/Props/MaterialSphere.uasset" 1110
"../../../TheGame/Content/StarterContent/Textures/T_Frame_M.uasset" 1111
"../../../TheGame/Content/StarterContent/Textures/T_Frame_N.uasset" 1112
"../../../TheGame/Content/StarterContent/Props/Materials/M_Frame.uasset" 1113
"../../../TheGame/Content/StarterContent/Props/SM_CornerFrame.uasset" 1114
"../../../TheGame/Content/StarterContent/Props/SM_DoorFrame.uasset" 1115
"../../../TheGame/Content/StarterContent/Props/SM_GlassWindow.uasset" 1116
"../../../TheGame/Content/StarterContent/Props/SM_PillarFrame.uasset" 1117
"../../../TheGame/Content/StarterContent/Props/SM_PillarFrame300.uasset" 1118
"../../../TheGame/Content/StarterContent/Props/SM_WindowFrame.uasset" 1119
"../../../TheGame/Content/StarterContent/Shapes/Shape_Cube.uasset" 1120
"../../../TheGame/Content/StarterContent/Shapes/Shape_QuadPyramid.uasset" 1121
"../../../TheGame/Content/StarterContent/Shapes/Shape_Sphere.uasset" 1122
"../../../TheGame/Content/StarterContent/Maps/StarterMap.umap" 1123
"../../../TheGame/Content/ThirdPersonBP/Maps/Map_OpenField_1_BuiltData.uasset" 1124
"../../../Engine/Content/EngineMaterials/DefaultPhysicalMaterial.uasset" 1125
"../../../TheGame/Content/Menu/Menu.uasset" 1126
"../../../TheGame/Content/StarterContent/Audio/Starter_Music01.uasset" 1127
"../../../TheGame/Content/ThirdPersonBP/Maps/Map_OpenField_1.umap" 1128
"../../../TheGame/Content/ThirdPersonBP/Maps/ThirdPersonExampleMap_BuiltData.uasset" 1129
"../../../TheGame/Content/StarterContent/Textures/T_Brick_Cut_Stone_Mat.uasset" 1130
"../../../TheGame/Content/StarterContent/Textures/T_Ground_Grass_Mat.uasset" 1131
"../../../TheGame/Content/StarterContent/Textures/T_Wood_Oak_Mat.uasset" 1132
"../../../TheGame/Content/Geometry/Meshes/1M_Cube.uasset" 1133
"../../../TheGame/Content/Geometry/Meshes/TemplateFloor.uasset" 1134
"../../../TheGame/Content/ThirdPersonBP/Maps/ThirdPersonExampleMap.umap" 1135
"../../../Engine/Content/Maps/Entry.umap" 1136
